{"logTime": "1223/143251", "correlationVector":"b0Kurngj99mKMm18QEhCe7","action":"Commit Request", "result":"", "context":Item count: 4
Contributing types: Sessions}
{"logTime": "1223/143252", "correlationVector":"b0Kurngj99mKMm18QEhCe7.1","action":"SyncServerConnectionManagerRequest", "result":"SYNC_SERVER_OK", "context":{"environment":"Prod_WestEurope_000l", "migrationStage":"NotStarted", "server":"GENERAL0100000X"}}
{"logTime": "1223/143252", "correlationVector":"b0Kurngj99mKMm18QEhCe7.2","action":"Commit Response", "result":"Success", "context":Result: Success. cV=b0Kurngj99mKMm18QEhCe7.0;server=GENERAL0100000X;cloudType=Consumer;environment=Prod_WestEurope_000l;migrationStage=NotStarted}
{"logTime": "1223/143328", "correlationVector":"CKWk+krJv3ZyPxI/gJqbJ4","action":"Commit Request", "result":"", "context":Item count: 2
Contributing types: Sessions}
{"logTime": "1223/143329", "correlationVector":"CKWk+krJv3ZyPxI/gJqbJ4.1","action":"SyncServerConnectionManagerRequest", "result":"SYNC_SERVER_OK", "context":{"environment":"Prod_WestEurope_x00e", "migrationStage":"NotStarted", "server":"GENERAL0200002J"}}
{"logTime": "1223/143329", "correlationVector":"CKWk+krJv3ZyPxI/gJqbJ4.3","action":"Commit.Sessions", "result":"Success", "context":{"id":"cb00609d-90e5-4451-bb5d-735aa31ed764", "isDeleted":"true", "size":"0", "version":"1734964369417"}}
{"logTime": "1223/143329", "correlationVector":"CKWk+krJv3ZyPxI/gJqbJ4.2","action":"Commit Response", "result":"Success", "context":Result: Success. cV=CKWk+krJv3ZyPxI/gJqbJ4.0;server=GENERAL0200002J;cloudType=Consumer;environment=Prod_WestEurope_x00e;migrationStage=NotStarted}
{"logTime": "1223/143532", "correlationVector":"z7Th28ktR7ap9H4pU2f+X7.1","action":"SyncServerConnectionManagerRequest", "result":"SYNC_SERVER_OK", "context":{"environment":"Prod_WestEurope_000l", "migrationStage":"NotStarted", "server":"GENERAL0100000S"}}
{"logTime": "1223/143534", "correlationVector":"x1GrbE4CES8N9W0eTJJ2aE","action":"SyncServerConnectionManagerRequest", "result":"SYNC_SERVER_OK", "context":{"environment":"", "migrationStage":"", "server":""}}
{"logTime": "1223/143534", "correlationVector":"z7Th28ktR7ap9H4pU2f+X7","action":"Initial GetUpdates", "result":"", "context":Reason: NEW_CLIENT. cV=z7Th28ktR7ap9H4pU2f+X7}
{"logTime": "1223/143534", "correlationVector":"z7Th28ktR7ap9H4pU2f+X7.2","action":"GetUpdates Response", "result":"Success", "context":Received 1 update(s). cV=z7Th28ktR7ap9H4pU2f+X7.0;server=GENERAL0100000S;cloudType=Consumer;environment=Prod_WestEurope_000l;migrationStage=NotStarted}
{"logTime": "1223/143534", "correlationVector":"+XLyfSJru/LXckbwiZp1AD","action":"Initial GetUpdates", "result":"", "context":Reason: NEWLY_SUPPORTED_DATATYPE. cV=+XLyfSJru/LXckbwiZp1AD}
{"logTime": "1223/143535", "correlationVector":"+XLyfSJru/LXckbwiZp1AD.1","action":"SyncServerConnectionManagerRequest", "result":"SYNC_SERVER_OK", "context":{"environment":"Prod_WestEurope_000l", "migrationStage":"NotStarted", "server":"GENERAL01000019"}}
{"logTime": "1223/143535", "correlationVector":"+XLyfSJru/LXckbwiZp1AD.2","action":"GetUpdates", "result":"DeleteReceived", "context":{"id":"44a2f8a3-f63a-4281-a8d6-f507e2f39f4a", "isDeleted:":"true", "version":"1729638907983"}}
{"logTime": "1223/143535", "correlationVector":"+XLyfSJru/LXckbwiZp1AD.3","action":"GetUpdates", "result":"DeleteReceived", "context":{"id":"630c2536-bb52-4ff8-b03b-41062e7c10ae", "isDeleted:":"true", "version":"1729638909198"}}
{"logTime": "1223/143535", "correlationVector":"+XLyfSJru/LXckbwiZp1AD.4","action":"GetUpdates", "result":"DeleteReceived", "context":{"id":"639b3c0d-1f14-4791-81b5-041a2ad7ffef", "isDeleted:":"true", "version":"1729638910691"}}
{"logTime": "1223/143535", "correlationVector":"+XLyfSJru/LXckbwiZp1AD.5","action":"GetUpdates", "result":"DeleteReceived", "context":{"id":"3c66f9eb-d67d-4b25-8047-bcf238bb2274", "isDeleted:":"true", "version":"1729638912376"}}
{"logTime": "1223/143535", "correlationVector":"+XLyfSJru/LXckbwiZp1AD.6","action":"GetUpdates", "result":"DeleteReceived", "context":{"id":"ab1ac620-0839-4959-af0c-fa4c74b946fe", "isDeleted:":"true", "version":"1729638925078"}}
{"logTime": "1223/143535", "correlationVector":"+XLyfSJru/LXckbwiZp1AD.7","action":"GetUpdates", "result":"DeleteReceived", "context":{"id":"d7694c1b-f496-452b-a5dd-3c3f39f66123", "isDeleted:":"true", "version":"1730975516719"}}
{"logTime": "1223/143535", "correlationVector":"+XLyfSJru/LXckbwiZp1AD.8","action":"GetUpdates", "result":"DeleteReceived", "context":{"id":"a539a9e6-ea53-492b-9eb9-7e1a0a9ccf09", "isDeleted:":"true", "version":"1732657819242"}}
{"logTime": "1223/143535", "correlationVector":"+XLyfSJru/LXckbwiZp1AD.9","action":"GetUpdates", "result":"DeleteReceived", "context":{"id":"22b74310-d321-47b2-b224-9dbaa79b1472", "isDeleted:":"true", "version":"1734959234963"}}
{"logTime": "1223/143535", "correlationVector":"+XLyfSJru/LXckbwiZp1AD.10","action":"GetUpdates", "result":"DeleteReceived", "context":{"id":"5db7754a-5659-4943-b127-28697090cb80", "isDeleted:":"true", "version":"1734959264011"}}
{"logTime": "1223/143535", "correlationVector":"+XLyfSJru/LXckbwiZp1AD.11","action":"GetUpdates", "result":"DeleteReceived", "context":{"id":"3136a40a-6ebf-45e0-a08d-3ed59f1bce46", "isDeleted:":"true", "version":"1734959269942"}}
{"logTime": "1223/143535", "correlationVector":"+XLyfSJru/LXckbwiZp1AD.12","action":"GetUpdates", "result":"DeleteReceived", "context":{"id":"7c67c616-08b8-4f51-bc4e-165d1882d4cb", "isDeleted:":"true", "version":"1734959272327"}}
{"logTime": "1223/143535", "correlationVector":"+XLyfSJru/LXckbwiZp1AD.13","action":"GetUpdates", "result":"DeleteReceived", "context":{"id":"62dbe6f8-a5be-420d-92c0-347f744695b6", "isDeleted:":"true", "version":"1734959279143"}}
{"logTime": "1223/143535", "correlationVector":"+XLyfSJru/LXckbwiZp1AD.14","action":"GetUpdates Response", "result":"Success", "context":Received 31 update(s). cV=+XLyfSJru/LXckbwiZp1AD.0;server=GENERAL01000019;cloudType=Consumer;environment=Prod_WestEurope_000l;migrationStage=NotStarted}
{"logTime": "1223/143535", "correlationVector":"GiTYoa1TgxDV7k8IWP6EXv","action":"Normal GetUpdate request", "result":"", "context":cV=GiTYoa1TgxDV7k8IWP6EXv
Nudged types: Sessions
Refresh requested types: Bookmarks, Preferences, Passwords, Autofill Profiles, Autofill, Typed URLs, Extensions, Sessions, Extension settings, History Delete Directives, Device Info, User Consents, Send Tab To Self, Web Apps, Collection, Edge E Drop, Edge Hub App Usage, Edge Tab Group, Edge Wallet, Encryption Keys}
{"logTime": "1223/143536", "correlationVector":"GiTYoa1TgxDV7k8IWP6EXv.1","action":"SyncServerConnectionManagerRequest", "result":"SYNC_SERVER_OK", "context":{"environment":"Prod_WestEurope_000l", "migrationStage":"NotStarted", "server":"GENERAL0100000X"}}
{"logTime": "1223/143536", "correlationVector":"GiTYoa1TgxDV7k8IWP6EXv.2","action":"GetUpdates", "result":"DeleteReceived", "context":{"id":"cb00609d-90e5-4451-bb5d-735aa31ed764", "isDeleted:":"true", "version":"1734964406516"}}
{"logTime": "1223/143536", "correlationVector":"GiTYoa1TgxDV7k8IWP6EXv.3","action":"GetUpdates Response", "result":"Success", "context":Received 8 update(s). cV=GiTYoa1TgxDV7k8IWP6EXv.0;server=GENERAL0100000X;cloudType=Consumer;environment=Prod_WestEurope_000l;migrationStage=NotStarted}
{"logTime": "1223/143536", "correlationVector":"15sZxW3b/ihOzA1r3snkex","action":"Commit Request", "result":"", "context":Item count: 5
Contributing types: Sessions}
{"logTime": "1223/143536", "correlationVector":"15sZxW3b/ihOzA1r3snkex.1","action":"SyncServerConnectionManagerRequest", "result":"SYNC_SERVER_OK", "context":{"environment":"Prod_WestEurope_000l", "migrationStage":"NotStarted", "server":"GENERAL0100000K"}}
{"logTime": "1223/143536", "correlationVector":"15sZxW3b/ihOzA1r3snkex.3","action":"Commit.Sessions", "result":"Success", "context":{"id":"5c67a431-f20a-4722-b05c-160a9fb7d5c8", "isDeleted":"true", "size":"0", "version":"1734964406517"}}
{"logTime": "1223/143536", "correlationVector":"15sZxW3b/ihOzA1r3snkex.2","action":"Commit Response", "result":"Success", "context":Result: Success. cV=15sZxW3b/ihOzA1r3snkex.0;server=GENERAL0100000K;cloudType=Consumer;environment=Prod_WestEurope_000l;migrationStage=NotStarted}
{"logTime": "1223/143606", "correlationVector":"5USZPgv+0gNiQa38z/9Smt","action":"Commit Request", "result":"", "context":Item count: 3
Contributing types: Sessions}
{"logTime": "1223/143607", "correlationVector":"5USZPgv+0gNiQa38z/9Smt.1","action":"SyncServerConnectionManagerRequest", "result":"SYNC_SERVER_OK", "context":{"environment":"Prod_WestEurope_000l", "migrationStage":"NotStarted", "server":"GENERAL01000011"}}
{"logTime": "1223/143607", "correlationVector":"5USZPgv+0gNiQa38z/9Smt.3","action":"Commit.Sessions", "result":"Success", "context":{"id":"9f70e09e-f182-4bf8-925f-28e3c3a84d85", "isDeleted":"true", "size":"0", "version":"1734964534117"}}
{"logTime": "1223/143607", "correlationVector":"5USZPgv+0gNiQa38z/9Smt.4","action":"Commit.Sessions", "result":"Success", "context":{"id":"d6c72fdc-f09d-4a50-b4ea-3f4b312360a5", "isDeleted":"true", "size":"0", "version":"1734964534118"}}
{"logTime": "1223/143607", "correlationVector":"5USZPgv+0gNiQa38z/9Smt.2","action":"Commit Response", "result":"Success", "context":Result: Success. cV=5USZPgv+0gNiQa38z/9Smt.0;server=GENERAL01000011;cloudType=Consumer;environment=Prod_WestEurope_000l;migrationStage=NotStarted}
{"logTime": "1223/143650", "correlationVector":"htowLxWthFCTQSN24MNSnX","action":"Commit Request", "result":"", "context":Item count: 1
Contributing types: Sessions}
{"logTime": "1223/143650", "correlationVector":"htowLxWthFCTQSN24MNSnX.1","action":"SyncServerConnectionManagerRequest", "result":"SYNC_SERVER_OK", "context":{"environment":"Prod_WestEurope_000l", "migrationStage":"NotStarted", "server":"GENERAL01000015"}}
{"logTime": "1223/143650", "correlationVector":"htowLxWthFCTQSN24MNSnX.2","action":"Commit Response", "result":"Success", "context":Result: Success. cV=htowLxWthFCTQSN24MNSnX.0;server=GENERAL01000015;cloudType=Consumer;environment=Prod_WestEurope_000l;migrationStage=NotStarted}
{"logTime": "1223/143730", "correlationVector":"rm/j7d1XBtvgfTWfu9Eltv","action":"Commit Request", "result":"", "context":Item count: 17
Contributing types: Preferences, Passwords, Sessions}
{"logTime": "1223/143734", "correlationVector":"rm/j7d1XBtvgfTWfu9Eltv.1","action":"SyncServerConnectionManagerRequest", "result":"SYNC_SERVER_OK", "context":{"environment":"Prod_WestEurope_000l", "migrationStage":"NotStarted", "server":"GENERAL01000002"}}
{"logTime": "1223/143734", "correlationVector":"rm/j7d1XBtvgfTWfu9Eltv.2","action":"Commit Response", "result":"Success", "context":Result: Success. cV=rm/j7d1XBtvgfTWfu9Eltv.0;server=GENERAL01000002;cloudType=Consumer;environment=Prod_WestEurope_000l;migrationStage=NotStarted}
{"logTime": "1223/143804", "correlationVector":"aP1+BeQBXGvsSYjL8HvkZt","action":"Commit Request", "result":"", "context":Item count: 1
Contributing types: Sessions}
{"logTime": "1223/143804", "correlationVector":"aP1+BeQBXGvsSYjL8HvkZt.1","action":"SyncServerConnectionManagerRequest", "result":"SYNC_SERVER_OK", "context":{"environment":"Prod_WestEurope_000l", "migrationStage":"NotStarted", "server":"GENERAL0100000J"}}
{"logTime": "1223/143804", "correlationVector":"aP1+BeQBXGvsSYjL8HvkZt.2","action":"Commit Response", "result":"Success", "context":Result: Success. cV=aP1+BeQBXGvsSYjL8HvkZt.0;server=GENERAL0100000J;cloudType=Consumer;environment=Prod_WestEurope_000l;migrationStage=NotStarted}
{"logTime": "1223/143842", "correlationVector":"kVnXcTM/4HL7mamvZNo5dz","action":"Commit Request", "result":"", "context":Item count: 1
Contributing types: Sessions}
{"logTime": "1223/143843", "correlationVector":"kVnXcTM/4HL7mamvZNo5dz.1","action":"SyncServerConnectionManagerRequest", "result":"SYNC_SERVER_OK", "context":{"environment":"Prod_WestEurope_000l", "migrationStage":"NotStarted", "server":"GENERAL01000009"}}
{"logTime": "1223/143843", "correlationVector":"kVnXcTM/4HL7mamvZNo5dz.2","action":"Commit Response", "result":"Success", "context":Result: Success. cV=kVnXcTM/4HL7mamvZNo5dz.0;server=GENERAL01000009;cloudType=Consumer;environment=Prod_WestEurope_000l;migrationStage=NotStarted}
{"logTime": "1223/143933", "correlationVector":"v1opHdL2hq9KTo4ol9nqNW","action":"Commit Request", "result":"", "context":Item count: 1
Contributing types: Sessions}
{"logTime": "1223/143933", "correlationVector":"v1opHdL2hq9KTo4ol9nqNW.1","action":"SyncServerConnectionManagerRequest", "result":"SYNC_SERVER_OK", "context":{"environment":"Prod_WestEurope_000l", "migrationStage":"NotStarted", "server":"GENERAL0100001L"}}
{"logTime": "1223/143933", "correlationVector":"v1opHdL2hq9KTo4ol9nqNW.2","action":"Commit Response", "result":"Success", "context":Result: Success. cV=v1opHdL2hq9KTo4ol9nqNW.0;server=GENERAL0100001L;cloudType=Consumer;environment=Prod_WestEurope_000l;migrationStage=NotStarted}
{"logTime": "1223/144027", "correlationVector":"e1QuX9yzyJqYj/pv0LKuXW","action":"Normal GetUpdate request", "result":"", "context":cV=e1QuX9yzyJqYj/pv0LKuXW
Refresh requested types: Bookmarks, Preferences, Passwords, Autofill Profiles, Autofill, Typed URLs, Extensions, Sessions, Extension settings, History Delete Directives, Device Info, User Consents, Send Tab To Self, Web Apps, Collection, Edge E Drop, Edge Hub App Usage, Edge Tab Group, Edge Wallet, Encryption Keys}
{"logTime": "1223/144027", "correlationVector":"e1QuX9yzyJqYj/pv0LKuXW.1","action":"SyncServerConnectionManagerRequest", "result":"SYNC_SERVER_OK", "context":{"environment":"Prod_WestEurope_000l", "migrationStage":"NotStarted", "server":"GENERAL01000018"}}
{"logTime": "1223/144027", "correlationVector":"e1QuX9yzyJqYj/pv0LKuXW.2","action":"GetUpdates", "result":"DeleteReceived", "context":{"id":"5c67a431-f20a-4722-b05c-160a9fb7d5c8", "isDeleted:":"true", "version":"1734964534121"}}
{"logTime": "1223/144027", "correlationVector":"e1QuX9yzyJqYj/pv0LKuXW.3","action":"GetUpdates", "result":"DeleteReceived", "context":{"id":"9f70e09e-f182-4bf8-925f-28e3c3a84d85", "isDeleted:":"true", "version":"1734964564890"}}
{"logTime": "1223/144027", "correlationVector":"e1QuX9yzyJqYj/pv0LKuXW.4","action":"GetUpdates", "result":"DeleteReceived", "context":{"id":"d6c72fdc-f09d-4a50-b4ea-3f4b312360a5", "isDeleted:":"true", "version":"1734964564891"}}
{"logTime": "1223/144027", "correlationVector":"e1QuX9yzyJqYj/pv0LKuXW.5","action":"GetUpdates Response", "result":"Success", "context":Received 22 update(s). cV=e1QuX9yzyJqYj/pv0LKuXW.0;server=GENERAL01000018;cloudType=Consumer;environment=Prod_WestEurope_000l;migrationStage=NotStarted}
{"logTime": "1223/144119", "correlationVector":"EeWZ3ZgsAJ9MlBUpFIIAwg","action":"Commit Request", "result":"", "context":Item count: 1
Contributing types: Sessions}
{"logTime": "1223/144120", "correlationVector":"EeWZ3ZgsAJ9MlBUpFIIAwg.1","action":"SyncServerConnectionManagerRequest", "result":"SYNC_SERVER_OK", "context":{"environment":"Prod_WestEurope_000l", "migrationStage":"NotStarted", "server":"GENERAL01000015"}}
{"logTime": "1223/144120", "correlationVector":"EeWZ3ZgsAJ9MlBUpFIIAwg.2","action":"Commit Response", "result":"Success", "context":Result: Success. cV=EeWZ3ZgsAJ9MlBUpFIIAwg.0;server=GENERAL01000015;cloudType=Consumer;environment=Prod_WestEurope_000l;migrationStage=NotStarted}
{"logTime": "1223/144222", "correlationVector":"o68gt8gEdZnfD6cRWEw0Rw","action":"Commit Request", "result":"", "context":Item count: 1
Contributing types: Sessions}
{"logTime": "1223/144223", "correlationVector":"o68gt8gEdZnfD6cRWEw0Rw.1","action":"SyncServerConnectionManagerRequest", "result":"SYNC_SERVER_OK", "context":{"environment":"Prod_WestEurope_000l", "migrationStage":"NotStarted", "server":"GENERAL0100000J"}}
{"logTime": "1223/144223", "correlationVector":"o68gt8gEdZnfD6cRWEw0Rw.2","action":"Commit Response", "result":"Success", "context":Result: Success. cV=o68gt8gEdZnfD6cRWEw0Rw.0;server=GENERAL0100000J;cloudType=Consumer;environment=Prod_WestEurope_000l;migrationStage=NotStarted}
{"logTime": "1223/144314", "correlationVector":"iLCfCUVLA2vQNH9QFFnU+I","action":"Commit Request", "result":"", "context":Item count: 1
Contributing types: Sessions}
{"logTime": "1223/144314", "correlationVector":"iLCfCUVLA2vQNH9QFFnU+I.1","action":"SyncServerConnectionManagerRequest", "result":"SYNC_SERVER_OK", "context":{"environment":"Prod_WestEurope_000l", "migrationStage":"NotStarted", "server":"GENERAL0100000L"}}
{"logTime": "1223/144314", "correlationVector":"iLCfCUVLA2vQNH9QFFnU+I.2","action":"Commit Response", "result":"Success", "context":Result: Success. cV=iLCfCUVLA2vQNH9QFFnU+I.0;server=GENERAL0100000L;cloudType=Consumer;environment=Prod_WestEurope_000l;migrationStage=NotStarted}
{"logTime": "1223/144534", "correlationVector":"iqhIBEzvL1mMgl03IMmIkJ","action":"Commit Request", "result":"", "context":Item count: 1
Contributing types: Sessions}
{"logTime": "1223/144534", "correlationVector":"iqhIBEzvL1mMgl03IMmIkJ.1","action":"SyncServerConnectionManagerRequest", "result":"SYNC_SERVER_OK", "context":{"environment":"Prod_WestEurope_000l", "migrationStage":"NotStarted", "server":"GENERAL0100000Z"}}
{"logTime": "1223/144534", "correlationVector":"iqhIBEzvL1mMgl03IMmIkJ.2","action":"Commit Response", "result":"Success", "context":Result: Success. cV=iqhIBEzvL1mMgl03IMmIkJ.0;server=GENERAL0100000Z;cloudType=Consumer;environment=Prod_WestEurope_000l;migrationStage=NotStarted}
{"logTime": "1223/144614", "correlationVector":"lFkL+LjuVnLZrjSinta+W7","action":"Commit Request", "result":"", "context":Item count: 1
Contributing types: Sessions}
{"logTime": "1223/144615", "correlationVector":"lFkL+LjuVnLZrjSinta+W7.1","action":"SyncServerConnectionManagerRequest", "result":"SYNC_SERVER_OK", "context":{"environment":"Prod_WestEurope_000l", "migrationStage":"NotStarted", "server":"GENERAL0100000F"}}
{"logTime": "1223/144615", "correlationVector":"lFkL+LjuVnLZrjSinta+W7.2","action":"Commit Response", "result":"Success", "context":Result: Success. cV=lFkL+LjuVnLZrjSinta+W7.0;server=GENERAL0100000F;cloudType=Consumer;environment=Prod_WestEurope_000l;migrationStage=NotStarted}
{"logTime": "1223/144646", "correlationVector":"kKwJMOSKelMoimH+tcW2vg","action":"Commit Request", "result":"", "context":Item count: 1
Contributing types: Sessions}
{"logTime": "1223/144646", "correlationVector":"kKwJMOSKelMoimH+tcW2vg.1","action":"SyncServerConnectionManagerRequest", "result":"SYNC_SERVER_OK", "context":{"environment":"Prod_WestEurope_000l", "migrationStage":"NotStarted", "server":"GENERAL0100000J"}}
{"logTime": "1223/144646", "correlationVector":"kKwJMOSKelMoimH+tcW2vg.2","action":"Commit Response", "result":"Success", "context":Result: Success. cV=kKwJMOSKelMoimH+tcW2vg.0;server=GENERAL0100000J;cloudType=Consumer;environment=Prod_WestEurope_000l;migrationStage=NotStarted}
{"logTime": "1223/144712", "correlationVector":"mknR1tNeQKKnpSl4yX90NV","action":"Normal GetUpdate request", "result":"", "context":cV=mknR1tNeQKKnpSl4yX90NV
Nudged types: Typed URLs, Sessions
Notified types: Preferences}
{"logTime": "1223/144713", "correlationVector":"mknR1tNeQKKnpSl4yX90NV.1","action":"SyncServerConnectionManagerRequest", "result":"SYNC_SERVER_OK", "context":{"environment":"Prod_WestEurope_000l", "migrationStage":"NotStarted", "server":"GENERAL0100000M"}}
{"logTime": "1223/144713", "correlationVector":"mknR1tNeQKKnpSl4yX90NV.2","action":"GetUpdates Response", "result":"Success", "context":Received 4 update(s). cV=mknR1tNeQKKnpSl4yX90NV.0;server=GENERAL0100000M;cloudType=Consumer;environment=Prod_WestEurope_000l;migrationStage=NotStarted}
{"logTime": "1223/144713", "correlationVector":"q/Ko89qa2gQ6TYV6nRA5mG","action":"Commit Request", "result":"", "context":Item count: 2
Contributing types: Typed URLs, Sessions}
{"logTime": "1223/144713", "correlationVector":"q/Ko89qa2gQ6TYV6nRA5mG.1","action":"SyncServerConnectionManagerRequest", "result":"SYNC_SERVER_OK", "context":{"environment":"Prod_WestEurope_000l", "migrationStage":"NotStarted", "server":"GENERAL0100001J"}}
{"logTime": "1223/144713", "correlationVector":"q/Ko89qa2gQ6TYV6nRA5mG.2","action":"Commit Response", "result":"Success", "context":Result: Success. cV=q/Ko89qa2gQ6TYV6nRA5mG.0;server=GENERAL0100001J;cloudType=Consumer;environment=Prod_WestEurope_000l;migrationStage=NotStarted}
{"logTime": "1223/145825", "correlationVector":"7Rc7lGP+K3xJrrCGtXlHy8","action":"Commit Request", "result":"", "context":Item count: 1
Contributing types: Typed URLs}
{"logTime": "1223/145827", "correlationVector":"7Rc7lGP+K3xJrrCGtXlHy8.1","action":"SyncServerConnectionManagerRequest", "result":"SYNC_SERVER_OK", "context":{"environment":"Prod_WestEurope_000l", "migrationStage":"NotStarted", "server":"GENERAL0100000C"}}
{"logTime": "1223/145827", "correlationVector":"7Rc7lGP+K3xJrrCGtXlHy8.2","action":"Commit Response", "result":"Success", "context":Result: Success. cV=7Rc7lGP+K3xJrrCGtXlHy8.0;server=GENERAL0100000C;cloudType=Consumer;environment=Prod_WestEurope_000l;migrationStage=NotStarted}
{"logTime": "1223/150233", "correlationVector":"nI6vnSPMi0uAEcqBWL329a","action":"Commit Request", "result":"", "context":Item count: 1
Contributing types: Sessions}
{"logTime": "1223/150236", "correlationVector":"nI6vnSPMi0uAEcqBWL329a.1","action":"SyncServerConnectionManagerRequest", "result":"SYNC_SERVER_OK", "context":{"environment":"Prod_WestEurope_x00e", "migrationStage":"NotStarted", "server":"GENERAL0100000E"}}
{"logTime": "1223/150236", "correlationVector":"nI6vnSPMi0uAEcqBWL329a.2","action":"Commit Response", "result":"Success", "context":Result: Success. cV=nI6vnSPMi0uAEcqBWL329a.0;server=GENERAL0100000E;cloudType=Consumer;environment=Prod_WestEurope_x00e;migrationStage=NotStarted}
{"logTime": "1223/150546", "correlationVector":"bRUoG2rGH0U8mlmbnnHWf1","action":"Commit Request", "result":"", "context":Item count: 1
Contributing types: Sessions}
{"logTime": "1223/150547", "correlationVector":"bRUoG2rGH0U8mlmbnnHWf1.1","action":"SyncServerConnectionManagerRequest", "result":"SYNC_SERVER_OK", "context":{"environment":"Prod_WestEurope_000l", "migrationStage":"NotStarted", "server":"GENERAL0100001H"}}
{"logTime": "1223/150547", "correlationVector":"bRUoG2rGH0U8mlmbnnHWf1.2","action":"Commit Response", "result":"Success", "context":Result: Success. cV=bRUoG2rGH0U8mlmbnnHWf1.0;server=GENERAL0100001H;cloudType=Consumer;environment=Prod_WestEurope_000l;migrationStage=NotStarted}
{"logTime": "1223/150659", "correlationVector":"1ewsbv1/z1AK7aKhkZyxKp.1","action":"SyncServerConnectionManagerRequest", "result":"SYNC_SERVER_OK", "context":{"environment":"Prod_WestEurope_000l", "migrationStage":"NotStarted", "server":"GENERAL01000006"}}
{"logTime": "1223/150700", "correlationVector":"DQaVQiaghaoQmaLvl012t2","action":"SyncServerConnectionManagerRequest", "result":"SYNC_SERVER_OK", "context":{"environment":"", "migrationStage":"", "server":""}}
{"logTime": "1223/150700", "correlationVector":"1ewsbv1/z1AK7aKhkZyxKp","action":"Initial GetUpdates", "result":"", "context":Reason: NEW_CLIENT. cV=1ewsbv1/z1AK7aKhkZyxKp}
{"logTime": "1223/150700", "correlationVector":"1ewsbv1/z1AK7aKhkZyxKp.2","action":"GetUpdates Response", "result":"Success", "context":Received 1 update(s). cV=1ewsbv1/z1AK7aKhkZyxKp.0;server=GENERAL01000006;cloudType=Consumer;environment=Prod_WestEurope_000l;migrationStage=NotStarted}
{"logTime": "1223/150700", "correlationVector":"LyLDMBZCcikDLWfrzdB7x/","action":"Initial GetUpdates", "result":"", "context":Reason: NEWLY_SUPPORTED_DATATYPE. cV=LyLDMBZCcikDLWfrzdB7x/}
{"logTime": "1223/150701", "correlationVector":"LyLDMBZCcikDLWfrzdB7x/.1","action":"SyncServerConnectionManagerRequest", "result":"SYNC_SERVER_OK", "context":{"environment":"Prod_WestEurope_000l", "migrationStage":"NotStarted", "server":"GENERAL01000017"}}
{"logTime": "1223/150701", "correlationVector":"LyLDMBZCcikDLWfrzdB7x/.2","action":"GetUpdates", "result":"DeleteReceived", "context":{"id":"44a2f8a3-f63a-4281-a8d6-f507e2f39f4a", "isDeleted:":"true", "version":"1729638907983"}}
{"logTime": "1223/150701", "correlationVector":"LyLDMBZCcikDLWfrzdB7x/.3","action":"GetUpdates", "result":"DeleteReceived", "context":{"id":"630c2536-bb52-4ff8-b03b-41062e7c10ae", "isDeleted:":"true", "version":"1729638909198"}}
{"logTime": "1223/150701", "correlationVector":"LyLDMBZCcikDLWfrzdB7x/.4","action":"GetUpdates", "result":"DeleteReceived", "context":{"id":"639b3c0d-1f14-4791-81b5-041a2ad7ffef", "isDeleted:":"true", "version":"1729638910691"}}
{"logTime": "1223/150701", "correlationVector":"LyLDMBZCcikDLWfrzdB7x/.5","action":"GetUpdates", "result":"DeleteReceived", "context":{"id":"3c66f9eb-d67d-4b25-8047-bcf238bb2274", "isDeleted:":"true", "version":"1729638912376"}}
{"logTime": "1223/150701", "correlationVector":"LyLDMBZCcikDLWfrzdB7x/.6","action":"GetUpdates", "result":"DeleteReceived", "context":{"id":"ab1ac620-0839-4959-af0c-fa4c74b946fe", "isDeleted:":"true", "version":"1729638925078"}}
{"logTime": "1223/150701", "correlationVector":"LyLDMBZCcikDLWfrzdB7x/.7","action":"GetUpdates", "result":"DeleteReceived", "context":{"id":"d7694c1b-f496-452b-a5dd-3c3f39f66123", "isDeleted:":"true", "version":"1730975516719"}}
{"logTime": "1223/150701", "correlationVector":"LyLDMBZCcikDLWfrzdB7x/.8","action":"GetUpdates", "result":"DeleteReceived", "context":{"id":"a539a9e6-ea53-492b-9eb9-7e1a0a9ccf09", "isDeleted:":"true", "version":"1732657819242"}}
{"logTime": "1223/150701", "correlationVector":"LyLDMBZCcikDLWfrzdB7x/.9","action":"GetUpdates", "result":"DeleteReceived", "context":{"id":"22b74310-d321-47b2-b224-9dbaa79b1472", "isDeleted:":"true", "version":"1734959234963"}}
{"logTime": "1223/150701", "correlationVector":"LyLDMBZCcikDLWfrzdB7x/.10","action":"GetUpdates", "result":"DeleteReceived", "context":{"id":"5db7754a-5659-4943-b127-28697090cb80", "isDeleted:":"true", "version":"1734959264011"}}
{"logTime": "1223/150701", "correlationVector":"LyLDMBZCcikDLWfrzdB7x/.11","action":"GetUpdates", "result":"DeleteReceived", "context":{"id":"3136a40a-6ebf-45e0-a08d-3ed59f1bce46", "isDeleted:":"true", "version":"1734959269942"}}
{"logTime": "1223/150701", "correlationVector":"LyLDMBZCcikDLWfrzdB7x/.12","action":"GetUpdates", "result":"DeleteReceived", "context":{"id":"7c67c616-08b8-4f51-bc4e-165d1882d4cb", "isDeleted:":"true", "version":"1734959272327"}}
{"logTime": "1223/150701", "correlationVector":"LyLDMBZCcikDLWfrzdB7x/.13","action":"GetUpdates", "result":"DeleteReceived", "context":{"id":"62dbe6f8-a5be-420d-92c0-347f744695b6", "isDeleted:":"true", "version":"1734959279143"}}
{"logTime": "1223/150701", "correlationVector":"LyLDMBZCcikDLWfrzdB7x/.14","action":"GetUpdates Response", "result":"Success", "context":Received 31 update(s). cV=LyLDMBZCcikDLWfrzdB7x/.0;server=GENERAL01000017;cloudType=Consumer;environment=Prod_WestEurope_000l;migrationStage=NotStarted}
{"logTime": "1223/150701", "correlationVector":"Xd7f+y32KjDkCtuBBj6CsQ","action":"Normal GetUpdate request", "result":"", "context":cV=Xd7f+y32KjDkCtuBBj6CsQ
Nudged types: Sessions
Refresh requested types: Bookmarks, Preferences, Passwords, Autofill Profiles, Autofill, Typed URLs, Extensions, Sessions, Extension settings, History Delete Directives, Device Info, User Consents, Send Tab To Self, Web Apps, Collection, Edge E Drop, Edge Hub App Usage, Edge Tab Group, Edge Wallet, Encryption Keys}
{"logTime": "1223/150701", "correlationVector":"Xd7f+y32KjDkCtuBBj6CsQ.1","action":"SyncServerConnectionManagerRequest", "result":"SYNC_SERVER_OK", "context":{"environment":"Prod_WestEurope_000l", "migrationStage":"NotStarted", "server":"GENERAL01000004"}}
{"logTime": "1223/150701", "correlationVector":"Xd7f+y32KjDkCtuBBj6CsQ.2","action":"GetUpdates Response", "result":"Success", "context":Received 9 update(s). cV=Xd7f+y32KjDkCtuBBj6CsQ.0;server=GENERAL01000004;cloudType=Consumer;environment=Prod_WestEurope_000l;migrationStage=NotStarted}
{"logTime": "1223/150701", "correlationVector":"YBJ/40IIvSuaqvSdHtqw8d","action":"Commit Request", "result":"", "context":Item count: 3
Contributing types: Sessions}
{"logTime": "1223/150702", "correlationVector":"YBJ/40IIvSuaqvSdHtqw8d.1","action":"SyncServerConnectionManagerRequest", "result":"SYNC_SERVER_OK", "context":{"environment":"Prod_WestEurope_000l", "migrationStage":"NotStarted", "server":"GENERAL0100001B"}}
{"logTime": "1223/150702", "correlationVector":"YBJ/40IIvSuaqvSdHtqw8d.3","action":"Commit.Sessions", "result":"Success", "context":{"id":"3fd4b3a8-2a79-414c-81ce-aa49d6726417", "isDeleted":"true", "size":"0", "version":"1734966344770"}}
{"logTime": "1223/150702", "correlationVector":"YBJ/40IIvSuaqvSdHtqw8d.2","action":"Commit Response", "result":"Success", "context":Result: Success. cV=YBJ/40IIvSuaqvSdHtqw8d.0;server=GENERAL0100001B;cloudType=Consumer;environment=Prod_WestEurope_000l;migrationStage=NotStarted}
{"logTime": "1223/150732", "correlationVector":"Yuz/ey2C6rhX/QTlc297sF","action":"Commit Request", "result":"", "context":Item count: 1
Contributing types: Sessions}
{"logTime": "1223/150732", "correlationVector":"Yuz/ey2C6rhX/QTlc297sF.1","action":"SyncServerConnectionManagerRequest", "result":"SYNC_SERVER_OK", "context":{"environment":"Prod_WestEurope_000l", "migrationStage":"NotStarted", "server":"general0100001E"}}
{"logTime": "1223/150732", "correlationVector":"Yuz/ey2C6rhX/QTlc297sF.2","action":"Commit Response", "result":"Success", "context":Result: Success. cV=Yuz/ey2C6rhX/QTlc297sF.0;server=general0100001E;cloudType=Consumer;environment=Prod_WestEurope_000l;migrationStage=NotStarted}
{"logTime": "1223/150900", "correlationVector":"c7e52gI1WwAQ7xe8gS0ITg","action":"Commit Request", "result":"", "context":Item count: 2
Contributing types: Preferences, Sessions}
{"logTime": "1223/150901", "correlationVector":"c7e52gI1WwAQ7xe8gS0ITg.1","action":"SyncServerConnectionManagerRequest", "result":"SYNC_SERVER_OK", "context":{"environment":"Prod_WestEurope_x00e", "migrationStage":"NotStarted", "server":"GENERAL0100002O"}}
{"logTime": "1223/150901", "correlationVector":"c7e52gI1WwAQ7xe8gS0ITg.2","action":"Commit Response", "result":"Success", "context":Result: Success. cV=c7e52gI1WwAQ7xe8gS0ITg.0;server=GENERAL0100002O;cloudType=Consumer;environment=Prod_WestEurope_x00e;migrationStage=NotStarted}
{"logTime": "1223/150931", "correlationVector":"E1McxnHHObnEVGUfGcguv/","action":"Commit Request", "result":"", "context":Item count: 1
Contributing types: Sessions}
{"logTime": "1223/150932", "correlationVector":"E1McxnHHObnEVGUfGcguv/.1","action":"SyncServerConnectionManagerRequest", "result":"SYNC_SERVER_OK", "context":{"environment":"Prod_WestEurope_x00e", "migrationStage":"NotStarted", "server":"GENERAL01000011"}}
{"logTime": "1223/150932", "correlationVector":"E1McxnHHObnEVGUfGcguv/.2","action":"Commit Response", "result":"Success", "context":Result: Success. cV=E1McxnHHObnEVGUfGcguv/.0;server=GENERAL01000011;cloudType=Consumer;environment=Prod_WestEurope_x00e;migrationStage=NotStarted}
{"logTime": "1223/151038", "correlationVector":"Pyz2SNB9c6R0EMcq3AgKwi","action":"Commit Request", "result":"", "context":Item count: 1
Contributing types: Sessions}
{"logTime": "1223/151039", "correlationVector":"Pyz2SNB9c6R0EMcq3AgKwi.1","action":"SyncServerConnectionManagerRequest", "result":"SYNC_SERVER_OK", "context":{"environment":"Prod_WestEurope_x00e", "migrationStage":"NotStarted", "server":"GENERAL01000007"}}
{"logTime": "1223/151039", "correlationVector":"Pyz2SNB9c6R0EMcq3AgKwi.2","action":"Commit Response", "result":"Success", "context":Result: Success. cV=Pyz2SNB9c6R0EMcq3AgKwi.0;server=GENERAL01000007;cloudType=Consumer;environment=Prod_WestEurope_x00e;migrationStage=NotStarted}
{"logTime": "1223/151110", "correlationVector":"hoWLxMG1qkoF7/3va/JW15","action":"Commit Request", "result":"", "context":Item count: 1
Contributing types: Sessions}
{"logTime": "1223/151111", "correlationVector":"hoWLxMG1qkoF7/3va/JW15.1","action":"SyncServerConnectionManagerRequest", "result":"SYNC_SERVER_OK", "context":{"environment":"Prod_WestEurope_x00e", "migrationStage":"NotStarted", "server":"GENERAL0100000I"}}
{"logTime": "1223/151111", "correlationVector":"hoWLxMG1qkoF7/3va/JW15.2","action":"Commit Response", "result":"Success", "context":Result: Success. cV=hoWLxMG1qkoF7/3va/JW15.0;server=GENERAL0100000I;cloudType=Consumer;environment=Prod_WestEurope_x00e;migrationStage=NotStarted}
{"logTime": "1223/151143", "correlationVector":"rVhv/WSYJl19G3u2rWrF8s","action":"Commit Request", "result":"", "context":Item count: 1
Contributing types: Sessions}
{"logTime": "1223/151143", "correlationVector":"rVhv/WSYJl19G3u2rWrF8s.1","action":"SyncServerConnectionManagerRequest", "result":"SYNC_SERVER_OK", "context":{"environment":"Prod_WestEurope_x00e", "migrationStage":"NotStarted", "server":"GENERAL0200000F"}}
{"logTime": "1223/151143", "correlationVector":"rVhv/WSYJl19G3u2rWrF8s.2","action":"Commit Response", "result":"Success", "context":Result: Success. cV=rVhv/WSYJl19G3u2rWrF8s.0;server=GENERAL0200000F;cloudType=Consumer;environment=Prod_WestEurope_x00e;migrationStage=NotStarted}
{"logTime": "1223/151156", "correlationVector":"50rjCf/57PorchVcMCJt5L","action":"Normal GetUpdate request", "result":"", "context":cV=50rjCf/57PorchVcMCJt5L
Nudged types: Sessions
Refresh requested types: Bookmarks, Preferences, Passwords, Autofill Profiles, Autofill, Typed URLs, Extensions, Sessions, Extension settings, History Delete Directives, Device Info, User Consents, Send Tab To Self, Web Apps, Collection, Edge E Drop, Edge Hub App Usage, Edge Tab Group, Edge Wallet, Encryption Keys}
{"logTime": "1223/151156", "correlationVector":"50rjCf/57PorchVcMCJt5L.1","action":"SyncServerConnectionManagerRequest", "result":"SYNC_SERVER_OK", "context":{"environment":"Prod_WestEurope_x00e", "migrationStage":"NotStarted", "server":"GENERAL01000022"}}
{"logTime": "1223/151156", "correlationVector":"50rjCf/57PorchVcMCJt5L.2","action":"GetUpdates", "result":"DeleteReceived", "context":{"id":"3fd4b3a8-2a79-414c-81ce-aa49d6726417", "isDeleted:":"true", "version":"1734966419468"}}
{"logTime": "1223/151156", "correlationVector":"50rjCf/57PorchVcMCJt5L.3","action":"GetUpdates Response", "result":"Success", "context":Received 5 update(s). cV=50rjCf/57PorchVcMCJt5L.0;server=GENERAL01000022;cloudType=Consumer;environment=Prod_WestEurope_x00e;migrationStage=NotStarted}
{"logTime": "1223/151156", "correlationVector":"8ePi3W3Xtz2vlTJ3oeZipR","action":"Commit Request", "result":"", "context":Item count: 1
Contributing types: Sessions}
{"logTime": "1223/151156", "correlationVector":"8ePi3W3Xtz2vlTJ3oeZipR.1","action":"SyncServerConnectionManagerRequest", "result":"SYNC_SERVER_OK", "context":{"environment":"Prod_WestEurope_x00e", "migrationStage":"NotStarted", "server":"GENERAL0100001V"}}
{"logTime": "1223/151156", "correlationVector":"8ePi3W3Xtz2vlTJ3oeZipR.2","action":"Commit Response", "result":"Success", "context":Result: Success. cV=8ePi3W3Xtz2vlTJ3oeZipR.0;server=GENERAL0100001V;cloudType=Consumer;environment=Prod_WestEurope_x00e;migrationStage=NotStarted}
{"logTime": "1223/151226", "correlationVector":"GSl+jPS9h3FmfgvT9YKRYK","action":"Commit Request", "result":"", "context":Item count: 1
Contributing types: Sessions}
{"logTime": "1223/151227", "correlationVector":"GSl+jPS9h3FmfgvT9YKRYK.1","action":"SyncServerConnectionManagerRequest", "result":"SYNC_SERVER_OK", "context":{"environment":"Prod_WestEurope_x00e", "migrationStage":"NotStarted", "server":"GENERAL0200002W"}}
{"logTime": "1223/151227", "correlationVector":"GSl+jPS9h3FmfgvT9YKRYK.2","action":"Commit Response", "result":"Success", "context":Result: Success. cV=GSl+jPS9h3FmfgvT9YKRYK.0;server=GENERAL0200002W;cloudType=Consumer;environment=Prod_WestEurope_x00e;migrationStage=NotStarted}
{"logTime": "1223/151257", "correlationVector":"VnOr8b3Mu8fNT9tGLh3MSZ","action":"Commit Request", "result":"", "context":Item count: 1
Contributing types: Sessions}
{"logTime": "1223/151258", "correlationVector":"VnOr8b3Mu8fNT9tGLh3MSZ.1","action":"SyncServerConnectionManagerRequest", "result":"SYNC_SERVER_OK", "context":{"environment":"Prod_WestEurope_x00e", "migrationStage":"NotStarted", "server":"GENERAL02000025"}}
{"logTime": "1223/151258", "correlationVector":"VnOr8b3Mu8fNT9tGLh3MSZ.2","action":"Commit Response", "result":"Success", "context":Result: Success. cV=VnOr8b3Mu8fNT9tGLh3MSZ.0;server=GENERAL02000025;cloudType=Consumer;environment=Prod_WestEurope_x00e;migrationStage=NotStarted}
{"logTime": "1223/151517", "correlationVector":"DfMa/Vh13GBSYyTVgd+5gE","action":"Commit Request", "result":"", "context":Item count: 1
Contributing types: Sessions}
{"logTime": "1223/151519", "correlationVector":"DfMa/Vh13GBSYyTVgd+5gE.1","action":"SyncServerConnectionManagerRequest", "result":"SYNC_SERVER_OK", "context":{"environment":"Prod_WestEurope_000l", "migrationStage":"NotStarted", "server":"GENERAL0100000P"}}
{"logTime": "1223/151519", "correlationVector":"DfMa/Vh13GBSYyTVgd+5gE.2","action":"Commit Response", "result":"Success", "context":Result: Success. cV=DfMa/Vh13GBSYyTVgd+5gE.0;server=GENERAL0100000P;cloudType=Consumer;environment=Prod_WestEurope_000l;migrationStage=NotStarted}
{"logTime": "1223/151549", "correlationVector":"zJ6mbypfqOvNIiCd7b2dAd","action":"Commit Request", "result":"", "context":Item count: 1
Contributing types: Sessions}
{"logTime": "1223/151550", "correlationVector":"zJ6mbypfqOvNIiCd7b2dAd.1","action":"SyncServerConnectionManagerRequest", "result":"SYNC_SERVER_OK", "context":{"environment":"Prod_WestEurope_000l", "migrationStage":"NotStarted", "server":"general0100001E"}}
{"logTime": "1223/151550", "correlationVector":"zJ6mbypfqOvNIiCd7b2dAd.2","action":"Commit Response", "result":"Success", "context":Result: Success. cV=zJ6mbypfqOvNIiCd7b2dAd.0;server=general0100001E;cloudType=Consumer;environment=Prod_WestEurope_000l;migrationStage=NotStarted}
{"logTime": "1223/151628", "correlationVector":"KdtCO+nVEM0fKam4N4g2FU","action":"Commit Request", "result":"", "context":Item count: 1
Contributing types: Sessions}
{"logTime": "1223/151628", "correlationVector":"KdtCO+nVEM0fKam4N4g2FU.1","action":"SyncServerConnectionManagerRequest", "result":"SYNC_SERVER_OK", "context":{"environment":"Prod_WestEurope_000l", "migrationStage":"NotStarted", "server":"GENERAL0100001A"}}
{"logTime": "1223/151628", "correlationVector":"KdtCO+nVEM0fKam4N4g2FU.2","action":"Commit Response", "result":"Success", "context":Result: Success. cV=KdtCO+nVEM0fKam4N4g2FU.0;server=GENERAL0100001A;cloudType=Consumer;environment=Prod_WestEurope_000l;migrationStage=NotStarted}
{"logTime": "1225/085951", "correlationVector":"pw7Mork86wTTBHxSeuj9v6.1","action":"SyncServerConnectionManagerRequest", "result":"SYNC_SERVER_OK", "context":{"environment":"Prod_WestEurope_000l", "migrationStage":"NotStarted", "server":"GENERAL0100000R"}}
{"logTime": "1225/085952", "correlationVector":"Pf7DF+uig0+/AYz/DRM1gh","action":"SyncServerConnectionManagerRequest", "result":"SYNC_SERVER_OK", "context":{"environment":"", "migrationStage":"", "server":""}}
{"logTime": "1225/085952", "correlationVector":"pw7Mork86wTTBHxSeuj9v6","action":"Initial GetUpdates", "result":"", "context":Reason: NEW_CLIENT. cV=pw7Mork86wTTBHxSeuj9v6}
{"logTime": "1225/085952", "correlationVector":"pw7Mork86wTTBHxSeuj9v6.2","action":"GetUpdates Response", "result":"Success", "context":Received 1 update(s). cV=pw7Mork86wTTBHxSeuj9v6.0;server=GENERAL0100000R;cloudType=Consumer;environment=Prod_WestEurope_000l;migrationStage=NotStarted}
{"logTime": "1225/085952", "correlationVector":"7nNZMkU35xPrZAqzgiZkKu","action":"Initial GetUpdates", "result":"", "context":Reason: NEWLY_SUPPORTED_DATATYPE. cV=7nNZMkU35xPrZAqzgiZkKu}
{"logTime": "1225/085953", "correlationVector":"7nNZMkU35xPrZAqzgiZkKu.1","action":"SyncServerConnectionManagerRequest", "result":"SYNC_SERVER_OK", "context":{"environment":"Prod_WestEurope_000l", "migrationStage":"NotStarted", "server":"GENERAL0100000U"}}
{"logTime": "1225/085953", "correlationVector":"7nNZMkU35xPrZAqzgiZkKu.2","action":"GetUpdates", "result":"DeleteReceived", "context":{"id":"44a2f8a3-f63a-4281-a8d6-f507e2f39f4a", "isDeleted:":"true", "version":"1729638907983"}}
{"logTime": "1225/085953", "correlationVector":"7nNZMkU35xPrZAqzgiZkKu.3","action":"GetUpdates", "result":"DeleteReceived", "context":{"id":"630c2536-bb52-4ff8-b03b-41062e7c10ae", "isDeleted:":"true", "version":"1729638909198"}}
{"logTime": "1225/085953", "correlationVector":"7nNZMkU35xPrZAqzgiZkKu.4","action":"GetUpdates", "result":"DeleteReceived", "context":{"id":"639b3c0d-1f14-4791-81b5-041a2ad7ffef", "isDeleted:":"true", "version":"1729638910691"}}
{"logTime": "1225/085953", "correlationVector":"7nNZMkU35xPrZAqzgiZkKu.5","action":"GetUpdates", "result":"DeleteReceived", "context":{"id":"3c66f9eb-d67d-4b25-8047-bcf238bb2274", "isDeleted:":"true", "version":"1729638912376"}}
{"logTime": "1225/085953", "correlationVector":"7nNZMkU35xPrZAqzgiZkKu.6","action":"GetUpdates", "result":"DeleteReceived", "context":{"id":"ab1ac620-0839-4959-af0c-fa4c74b946fe", "isDeleted:":"true", "version":"1729638925078"}}
{"logTime": "1225/085953", "correlationVector":"7nNZMkU35xPrZAqzgiZkKu.7","action":"GetUpdates", "result":"DeleteReceived", "context":{"id":"d7694c1b-f496-452b-a5dd-3c3f39f66123", "isDeleted:":"true", "version":"1730975516719"}}
{"logTime": "1225/085953", "correlationVector":"7nNZMkU35xPrZAqzgiZkKu.8","action":"GetUpdates", "result":"DeleteReceived", "context":{"id":"a539a9e6-ea53-492b-9eb9-7e1a0a9ccf09", "isDeleted:":"true", "version":"1732657819242"}}
{"logTime": "1225/085953", "correlationVector":"7nNZMkU35xPrZAqzgiZkKu.9","action":"GetUpdates", "result":"DeleteReceived", "context":{"id":"22b74310-d321-47b2-b224-9dbaa79b1472", "isDeleted:":"true", "version":"1734959234963"}}
{"logTime": "1225/085953", "correlationVector":"7nNZMkU35xPrZAqzgiZkKu.10","action":"GetUpdates", "result":"DeleteReceived", "context":{"id":"5db7754a-5659-4943-b127-28697090cb80", "isDeleted:":"true", "version":"1734959264011"}}
{"logTime": "1225/085953", "correlationVector":"7nNZMkU35xPrZAqzgiZkKu.11","action":"GetUpdates", "result":"DeleteReceived", "context":{"id":"3136a40a-6ebf-45e0-a08d-3ed59f1bce46", "isDeleted:":"true", "version":"1734959269942"}}
{"logTime": "1225/085953", "correlationVector":"7nNZMkU35xPrZAqzgiZkKu.12","action":"GetUpdates", "result":"DeleteReceived", "context":{"id":"7c67c616-08b8-4f51-bc4e-165d1882d4cb", "isDeleted:":"true", "version":"1734959272327"}}
{"logTime": "1225/085953", "correlationVector":"7nNZMkU35xPrZAqzgiZkKu.13","action":"GetUpdates", "result":"DeleteReceived", "context":{"id":"62dbe6f8-a5be-420d-92c0-347f744695b6", "isDeleted:":"true", "version":"1734959279143"}}
{"logTime": "1225/085953", "correlationVector":"7nNZMkU35xPrZAqzgiZkKu.14","action":"GetUpdates Response", "result":"Success", "context":Received 31 update(s). cV=7nNZMkU35xPrZAqzgiZkKu.0;server=GENERAL0100000U;cloudType=Consumer;environment=Prod_WestEurope_000l;migrationStage=NotStarted}
{"logTime": "1225/085953", "correlationVector":"Uan4aKvrOEi8/7kvoDxAKK","action":"Normal GetUpdate request", "result":"", "context":cV=Uan4aKvrOEi8/7kvoDxAKK
Nudged types: Sessions, Device Info
Refresh requested types: Bookmarks, Preferences, Passwords, Autofill Profiles, Autofill, Typed URLs, Extensions, Sessions, Extension settings, History Delete Directives, Device Info, User Consents, Send Tab To Self, Web Apps, Collection, Edge E Drop, Edge Hub App Usage, Edge Tab Group, Edge Wallet, Encryption Keys}
{"logTime": "1225/085954", "correlationVector":"Uan4aKvrOEi8/7kvoDxAKK.1","action":"SyncServerConnectionManagerRequest", "result":"SYNC_SERVER_OK", "context":{"environment":"Prod_WestEurope_000l", "migrationStage":"NotStarted", "server":"GENERAL0100001B"}}
{"logTime": "1225/085954", "correlationVector":"Uan4aKvrOEi8/7kvoDxAKK.2","action":"GetUpdates", "result":"DeleteReceived", "context":{"id":"2df69b77-6cf8-4e3f-8288-38fdc31ef849", "isDeleted:":"true", "version":"1734967048890"}}
{"logTime": "1225/085954", "correlationVector":"Uan4aKvrOEi8/7kvoDxAKK.3","action":"GetUpdates", "result":"DeleteReceived", "context":{"id":"07b9d6c2-883b-4fe7-96c8-3867c27b0bcf", "isDeleted:":"true", "version":"1734967112587"}}
{"logTime": "1225/085954", "correlationVector":"Uan4aKvrOEi8/7kvoDxAKK.4","action":"GetUpdates", "result":"DeleteReceived", "context":{"id":"e37faf4a-ceb2-43df-b14d-4a3627b796bd", "isDeleted:":"true", "version":"1734970938915"}}
{"logTime": "1225/085954", "correlationVector":"Uan4aKvrOEi8/7kvoDxAKK.5","action":"GetUpdates", "result":"DeleteReceived", "context":{"id":"96b20694-91f7-403a-9de5-7c3c334f43f3", "isDeleted:":"true", "version":"1735116713450"}}
{"logTime": "1225/085954", "correlationVector":"Uan4aKvrOEi8/7kvoDxAKK.6","action":"GetUpdates", "result":"DeleteReceived", "context":{"id":"056607ff-f3c8-4996-8fb5-421cba02825a", "isDeleted:":"true", "version":"1735116713451"}}
{"logTime": "1225/085954", "correlationVector":"Uan4aKvrOEi8/7kvoDxAKK.7","action":"GetUpdates", "result":"DeleteReceived", "context":{"id":"65aea67b-5971-4bca-be62-b9ea837b46a8", "isDeleted:":"true", "version":"1735116713452"}}
{"logTime": "1225/085954", "correlationVector":"Uan4aKvrOEi8/7kvoDxAKK.8","action":"GetUpdates", "result":"DeleteReceived", "context":{"id":"f659cd8e-677d-4a65-8b1e-d727b44917e1", "isDeleted:":"true", "version":"1735116713453"}}
{"logTime": "1225/085954", "correlationVector":"Uan4aKvrOEi8/7kvoDxAKK.9","action":"GetUpdates", "result":"DeleteReceived", "context":{"id":"c12146c9-ac4d-498e-9f5b-162ad08fcf1a", "isDeleted:":"true", "version":"1735116713454"}}
{"logTime": "1225/085954", "correlationVector":"Uan4aKvrOEi8/7kvoDxAKK.10","action":"GetUpdates", "result":"DeleteReceived", "context":{"id":"fca6c08d-9b37-4c69-bac0-aa9a3c541913", "isDeleted:":"true", "version":"1735116713455"}}
{"logTime": "1225/085954", "correlationVector":"Uan4aKvrOEi8/7kvoDxAKK.11","action":"GetUpdates", "result":"DeleteReceived", "context":{"id":"9ed06c29-1153-4d6f-ba79-6e44348dd859", "isDeleted:":"true", "version":"1735116713456"}}
{"logTime": "1225/085954", "correlationVector":"Uan4aKvrOEi8/7kvoDxAKK.12","action":"GetUpdates", "result":"DeleteReceived", "context":{"id":"ef52ec70-8309-45d1-a55b-78c6bda5b56a", "isDeleted:":"true", "version":"1735116713457"}}
{"logTime": "1225/085954", "correlationVector":"Uan4aKvrOEi8/7kvoDxAKK.13","action":"GetUpdates", "result":"DeleteReceived", "context":{"id":"47a8d9db-6e5a-4942-b28e-c4d01b09f2ac", "isDeleted:":"true", "version":"1735116713458"}}
{"logTime": "1225/085954", "correlationVector":"Uan4aKvrOEi8/7kvoDxAKK.14","action":"GetUpdates", "result":"DeleteReceived", "context":{"id":"1c38d92c-37e3-4efa-be0a-039a87345d86", "isDeleted:":"true", "version":"1735116713459"}}
{"logTime": "1225/085954", "correlationVector":"Uan4aKvrOEi8/7kvoDxAKK.15","action":"GetUpdates", "result":"DeleteReceived", "context":{"id":"a703eea2-846a-432f-8b8d-1952f50fcc42", "isDeleted:":"true", "version":"1735116713460"}}
{"logTime": "1225/085954", "correlationVector":"Uan4aKvrOEi8/7kvoDxAKK.16","action":"GetUpdates", "result":"DeleteReceived", "context":{"id":"1b1a3b2a-85f4-45d3-b524-a60420527ff5", "isDeleted:":"true", "version":"1735116713461"}}
{"logTime": "1225/085954", "correlationVector":"Uan4aKvrOEi8/7kvoDxAKK.17","action":"GetUpdates", "result":"DeleteReceived", "context":{"id":"52ed62cb-7dfe-467f-834c-b55524dfd5f9", "isDeleted:":"true", "version":"1735116713462"}}
{"logTime": "1225/085954", "correlationVector":"Uan4aKvrOEi8/7kvoDxAKK.18","action":"GetUpdates", "result":"DeleteReceived", "context":{"id":"463b17a6-0fe1-4f90-8cc9-640a892a2ca0", "isDeleted:":"true", "version":"1735116713464"}}
{"logTime": "1225/085954", "correlationVector":"Uan4aKvrOEi8/7kvoDxAKK.19","action":"GetUpdates", "result":"DeleteReceived", "context":{"id":"996caefb-14eb-4e04-985b-a3cbf7d6c9e2", "isDeleted:":"true", "version":"1735116713465"}}
{"logTime": "1225/085954", "correlationVector":"Uan4aKvrOEi8/7kvoDxAKK.20","action":"GetUpdates", "result":"DeleteReceived", "context":{"id":"f7706749-0ed8-4b51-babb-fa108d3ddacf", "isDeleted:":"true", "version":"1735116713466"}}
{"logTime": "1225/085954", "correlationVector":"Uan4aKvrOEi8/7kvoDxAKK.21","action":"GetUpdates", "result":"DeleteReceived", "context":{"id":"94188653-50c4-4f07-b423-4823ef71c3df", "isDeleted:":"true", "version":"1735116713467"}}
{"logTime": "1225/085954", "correlationVector":"Uan4aKvrOEi8/7kvoDxAKK.22","action":"GetUpdates", "result":"DeleteReceived", "context":{"id":"b91ec1db-00ef-4f6c-ba61-f9410c2fec09", "isDeleted:":"true", "version":"1735116713468"}}
{"logTime": "1225/085954", "correlationVector":"Uan4aKvrOEi8/7kvoDxAKK.23","action":"GetUpdates", "result":"DeleteReceived", "context":{"id":"3080aa6f-c1ea-4a26-a40b-a0015a10e84d", "isDeleted:":"true", "version":"1735116713469"}}
{"logTime": "1225/085954", "correlationVector":"Uan4aKvrOEi8/7kvoDxAKK.24","action":"GetUpdates", "result":"DeleteReceived", "context":{"id":"1c72ad57-78bc-4850-8745-55643a38e781", "isDeleted:":"true", "version":"1735116713471"}}
{"logTime": "1225/085954", "correlationVector":"Uan4aKvrOEi8/7kvoDxAKK.25","action":"GetUpdates", "result":"DeleteReceived", "context":{"id":"f628db72-1eed-408e-a4c8-0553f3eabe5c", "isDeleted:":"true", "version":"1735116713472"}}
{"logTime": "1225/085954", "correlationVector":"Uan4aKvrOEi8/7kvoDxAKK.26","action":"GetUpdates", "result":"DeleteReceived", "context":{"id":"01fab41f-c705-492c-a1d9-152107728739", "isDeleted:":"true", "version":"1735116713473"}}
{"logTime": "1225/085954", "correlationVector":"Uan4aKvrOEi8/7kvoDxAKK.27","action":"GetUpdates", "result":"DeleteReceived", "context":{"id":"4d73908b-1266-4637-ad05-5559ed00bca6", "isDeleted:":"true", "version":"1735116713474"}}
{"logTime": "1225/085954", "correlationVector":"Uan4aKvrOEi8/7kvoDxAKK.28","action":"GetUpdates", "result":"DeleteReceived", "context":{"id":"05c2e3e6-03af-40db-aad8-d2a8816bc41f", "isDeleted:":"true", "version":"1735116716710"}}
{"logTime": "1225/085954", "correlationVector":"Uan4aKvrOEi8/7kvoDxAKK.29","action":"GetUpdates", "result":"DeleteReceived", "context":{"id":"70865317-fab6-4c4f-a9a0-85cea3406059", "isDeleted:":"true", "version":"1735116716711"}}
{"logTime": "1225/085954", "correlationVector":"Uan4aKvrOEi8/7kvoDxAKK.30","action":"GetUpdates", "result":"DeleteReceived", "context":{"id":"fb616cad-4fdc-486b-a095-42cd2c0709dc", "isDeleted:":"true", "version":"1735116716712"}}
{"logTime": "1225/085954", "correlationVector":"Uan4aKvrOEi8/7kvoDxAKK.31","action":"GetUpdates Response", "result":"Success", "context":Received 49 update(s). cV=Uan4aKvrOEi8/7kvoDxAKK.0;server=GENERAL0100001B;cloudType=Consumer;environment=Prod_WestEurope_000l;migrationStage=NotStarted}
{"logTime": "1225/085954", "correlationVector":"9feMMjkfC9iDgO/qc0pWwq","action":"DoCompareDataConsistency requsted types: ", "result":"Bookmarks, Preferences, Passwords, Typed URLs, Extensions, Extension settings, History Delete Directives, Send Tab To Self, Web Apps, Collection, Edge E Drop, Edge Tab Group, Edge Wallet, Encryption Keys"}
{"logTime": "1225/085954", "correlationVector":"9feMMjkfC9iDgO/qc0pWwq.0","action":"CompareDataConsistency result: ", "result":"Compare result: Encryption Keys is consistent. local entities count is: 1 local entities hash is: st31JCrpndEWaD7DDXJU0o3CTM0="}
{"logTime": "1225/085954", "correlationVector":"9feMMjkfC9iDgO/qc0pWwq.1","action":"CompareDataConsistency result: ", "result":"Compare result: Bookmarks is consistent. local entities count is: 14 local entities hash is: 3vnIvyP9HPzJ+4uVQpRSUaeAnJQ="}
{"logTime": "1225/085954", "correlationVector":"9feMMjkfC9iDgO/qc0pWwq.2","action":"CompareDataConsistency result: ", "result":"Compare result: Preferences is consistent. local entities count is: 64 local entities hash is: 3dVmhzdOKEEfZMRqDmJor0SxDtY="}
{"logTime": "1225/085954", "correlationVector":"9feMMjkfC9iDgO/qc0pWwq.3","action":"CompareDataConsistency result: ", "result":"Server did not send this Typed URLs local entities count is: 40 local entities hash is: SZLxS4c4t15XcJm9cb1qVHgBcXs="}
{"logTime": "1225/085954", "correlationVector":"9feMMjkfC9iDgO/qc0pWwq.4","action":"CompareDataConsistency result: ", "result":"Compare result: Extensions is consistent. local entities count is: 1 local entities hash is: NFG86soqD7B6pU+5IsHzUFoYgZw="}
{"logTime": "1225/085954", "correlationVector":"9feMMjkfC9iDgO/qc0pWwq.5","action":"CompareDataConsistency result: ", "result":"Compare result: Extension settings is consistent. local entities count is: 1 local entities hash is: wdp0RYtdvwzhi9FVcHuKz1iV7Nk="}
{"logTime": "1225/085954", "correlationVector":"9feMMjkfC9iDgO/qc0pWwq.6","action":"CompareDataConsistency result: ", "result":"Compare result: History Delete Directives is consistent. local entities count is: 0 local entities hash is: "}
{"logTime": "1225/085954", "correlationVector":"9feMMjkfC9iDgO/qc0pWwq.7","action":"CompareDataConsistency result: ", "result":"Server did not send this Send Tab To Self local entities count is: 0 local entities hash is: "}
{"logTime": "1225/085954", "correlationVector":"9feMMjkfC9iDgO/qc0pWwq.8","action":"CompareDataConsistency result: ", "result":"Compare result: Web Apps is consistent. local entities count is: 0 local entities hash is: "}
{"logTime": "1225/085954", "correlationVector":"9feMMjkfC9iDgO/qc0pWwq.9","action":"CompareDataConsistency result: ", "result":"Compare result: Collection is consistent. local entities count is: 0 local entities hash is: "}
{"logTime": "1225/085954", "correlationVector":"9feMMjkfC9iDgO/qc0pWwq.10","action":"CompareDataConsistency result: ", "result":"Compare result: Edge E Drop is consistent. local entities count is: 0 local entities hash is: "}
{"logTime": "1225/085954", "correlationVector":"9feMMjkfC9iDgO/qc0pWwq.11","action":"CompareDataConsistency result: ", "result":"Compare result: Edge Tab Group is consistent. local entities count is: 0 local entities hash is: "}
{"logTime": "1225/085954", "correlationVector":"9feMMjkfC9iDgO/qc0pWwq.12","action":"CompareDataConsistency result: ", "result":"Compare result: Edge Wallet is consistent. local entities count is: 0 local entities hash is: "}
{"logTime": "1225/085954", "correlationVector":"9feMMjkfC9iDgO/qc0pWwq.13","action":"CompareDataConsistency result: ", "result":"Compare result: Passwords is consistent. local entities count is: 19 local entities hash is: /rCV0aL7+Vv55FeaEjtJnhe8+tU="}
{"logTime": "1225/085954", "correlationVector":"CHC8VsZ8Jh7Nl9gZFTnJSJ","action":"Commit Request", "result":"", "context":Item count: 1
Contributing types: Device Info}
{"logTime": "1225/085954", "correlationVector":"CHC8VsZ8Jh7Nl9gZFTnJSJ.1","action":"SyncServerConnectionManagerRequest", "result":"SYNC_SERVER_OK", "context":{"environment":"Prod_WestEurope_000l", "migrationStage":"NotStarted", "server":"GENERAL01000000"}}
{"logTime": "1225/085954", "correlationVector":"CHC8VsZ8Jh7Nl9gZFTnJSJ.2","action":"Commit Response", "result":"Success", "context":Result: Success. cV=CHC8VsZ8Jh7Nl9gZFTnJSJ.0;server=GENERAL01000000;cloudType=Consumer;environment=Prod_WestEurope_000l;migrationStage=NotStarted}
{"logTime": "1225/085954", "correlationVector":"","action":"DIAGNOSTIC_REQUEST|v1/diagnosticData/Diagnostic.SendCheckResult()|SUCCESS", "result":""}
{"logTime": "1225/085954", "correlationVector":"u8uoTo1cS76TZdRKz28QSP","action":"Poll GetUpdate request", "result":"", "context":cV=u8uoTo1cS76TZdRKz28QSP}
{"logTime": "1225/085955", "correlationVector":"u8uoTo1cS76TZdRKz28QSP.1","action":"SyncServerConnectionManagerRequest", "result":"SYNC_SERVER_OK", "context":{"environment":"Prod_WestEurope_000l", "migrationStage":"NotStarted", "server":"GENERAL0100001G"}}
{"logTime": "1225/085955", "correlationVector":"u8uoTo1cS76TZdRKz28QSP.2","action":"GetUpdates Response", "result":"Success", "context":Received 1 update(s). cV=u8uoTo1cS76TZdRKz28QSP.0;server=GENERAL0100001G;cloudType=Consumer;environment=Prod_WestEurope_000l;migrationStage=NotStarted}
{"logTime": "1225/085956", "correlationVector":"MaaXsTDl5PAw04bOdi9JeF","action":"Normal GetUpdate request", "result":"", "context":cV=MaaXsTDl5PAw04bOdi9JeF
Notified types: Typed URLs}
{"logTime": "1225/085956", "correlationVector":"MaaXsTDl5PAw04bOdi9JeF.1","action":"SyncServerConnectionManagerRequest", "result":"SYNC_SERVER_OK", "context":{"environment":"Prod_WestEurope_000l", "migrationStage":"NotStarted", "server":"GENERAL0100000S"}}
{"logTime": "1225/085956", "correlationVector":"MaaXsTDl5PAw04bOdi9JeF.2","action":"GetUpdates Response", "result":"Success", "context":Received 3 update(s). cV=MaaXsTDl5PAw04bOdi9JeF.0;server=GENERAL0100000S;cloudType=Consumer;environment=Prod_WestEurope_000l;migrationStage=NotStarted}
{"logTime": "1225/090028", "correlationVector":"AztDHLgCHWcwQue7Rpx5Oz","action":"Commit Request", "result":"", "context":Item count: 2
Contributing types: Sessions}
{"logTime": "1225/090028", "correlationVector":"AztDHLgCHWcwQue7Rpx5Oz.1","action":"SyncServerConnectionManagerRequest", "result":"SYNC_SERVER_OK", "context":{"environment":"Prod_WestEurope_000l", "migrationStage":"NotStarted", "server":"GENERAL01000001"}}
{"logTime": "1225/090028", "correlationVector":"AztDHLgCHWcwQue7Rpx5Oz.2","action":"Commit Response", "result":"Success", "context":Result: Success. cV=AztDHLgCHWcwQue7Rpx5Oz.0;server=GENERAL01000001;cloudType=Consumer;environment=Prod_WestEurope_000l;migrationStage=NotStarted}
{"logTime": "1225/090116", "correlationVector":"3ZByV9kDbbkjciD8CLicpK","action":"Commit Request", "result":"", "context":Item count: 1
Contributing types: Sessions}
{"logTime": "1225/090116", "correlationVector":"3ZByV9kDbbkjciD8CLicpK.1","action":"SyncServerConnectionManagerRequest", "result":"SYNC_SERVER_OK", "context":{"environment":"Prod_WestEurope_000l", "migrationStage":"NotStarted", "server":"GENERAL01000002"}}
{"logTime": "1225/090116", "correlationVector":"3ZByV9kDbbkjciD8CLicpK.2","action":"Commit Response", "result":"Success", "context":Result: Success. cV=3ZByV9kDbbkjciD8CLicpK.0;server=GENERAL01000002;cloudType=Consumer;environment=Prod_WestEurope_000l;migrationStage=NotStarted}
{"logTime": "1225/090155", "correlationVector":"8I00fP8VIMK3DeTNCYYLA1","action":"Commit Request", "result":"", "context":Item count: 1
Contributing types: Sessions}
{"logTime": "1225/090155", "correlationVector":"8I00fP8VIMK3DeTNCYYLA1.1","action":"SyncServerConnectionManagerRequest", "result":"SYNC_SERVER_OK", "context":{"environment":"Prod_WestEurope_000l", "migrationStage":"NotStarted", "server":"GENERAL0100000A"}}
{"logTime": "1225/090155", "correlationVector":"8I00fP8VIMK3DeTNCYYLA1.2","action":"Commit Response", "result":"Success", "context":Result: Success. cV=8I00fP8VIMK3DeTNCYYLA1.0;server=GENERAL0100000A;cloudType=Consumer;environment=Prod_WestEurope_000l;migrationStage=NotStarted}
{"logTime": "1225/090253", "correlationVector":"UeBgnb8CuA9l1JXZla5Yph","action":"Commit Request", "result":"", "context":Item count: 11
Contributing types: Preferences, Passwords}
{"logTime": "1225/090254", "correlationVector":"UeBgnb8CuA9l1JXZla5Yph.1","action":"SyncServerConnectionManagerRequest", "result":"SYNC_SERVER_OK", "context":{"environment":"Prod_WestEurope_000l", "migrationStage":"NotStarted", "server":"GENERAL0100001A"}}
{"logTime": "1225/090254", "correlationVector":"UeBgnb8CuA9l1JXZla5Yph.2","action":"Commit Response", "result":"Success", "context":Result: Success. cV=UeBgnb8CuA9l1JXZla5Yph.0;server=GENERAL0100001A;cloudType=Consumer;environment=Prod_WestEurope_000l;migrationStage=NotStarted}
{"logTime": "1225/090338", "correlationVector":"uGiXMfKWjEmyrUEFVOxp9v","action":"Commit Request", "result":"", "context":Item count: 1
Contributing types: Sessions}
{"logTime": "1225/090338", "correlationVector":"uGiXMfKWjEmyrUEFVOxp9v.1","action":"SyncServerConnectionManagerRequest", "result":"SYNC_SERVER_OK", "context":{"environment":"Prod_WestEurope_000l", "migrationStage":"NotStarted", "server":"GENERAL0100000C"}}
{"logTime": "1225/090338", "correlationVector":"uGiXMfKWjEmyrUEFVOxp9v.2","action":"Commit Response", "result":"Success", "context":Result: Success. cV=uGiXMfKWjEmyrUEFVOxp9v.0;server=GENERAL0100000C;cloudType=Consumer;environment=Prod_WestEurope_000l;migrationStage=NotStarted}
{"logTime": "1225/090449", "correlationVector":"Pywtms5jqDHfaVNC0Jan8E","action":"Normal GetUpdate request", "result":"", "context":cV=Pywtms5jqDHfaVNC0Jan8E
Refresh requested types: Bookmarks, Preferences, Passwords, Autofill Profiles, Autofill, Typed URLs, Extensions, Sessions, Extension settings, History Delete Directives, Device Info, User Consents, Send Tab To Self, Web Apps, Collection, Edge E Drop, Edge Hub App Usage, Edge Tab Group, Edge Wallet, Encryption Keys}
{"logTime": "1225/090449", "correlationVector":"Pywtms5jqDHfaVNC0Jan8E.1","action":"SyncServerConnectionManagerRequest", "result":"SYNC_SERVER_OK", "context":{"environment":"Prod_WestEurope_000l", "migrationStage":"NotStarted", "server":"GENERAL0100000F"}}
{"logTime": "1225/090449", "correlationVector":"Pywtms5jqDHfaVNC0Jan8E.2","action":"GetUpdates Response", "result":"Success", "context":Received 13 update(s). cV=Pywtms5jqDHfaVNC0Jan8E.0;server=GENERAL0100000F;cloudType=Consumer;environment=Prod_WestEurope_000l;migrationStage=NotStarted}
{"logTime": "1225/090737", "correlationVector":"n1NrmiPOxQMPk9kPLxPhBq","action":"Commit Request", "result":"", "context":Item count: 1
Contributing types: Sessions}
{"logTime": "1225/090738", "correlationVector":"n1NrmiPOxQMPk9kPLxPhBq.1","action":"SyncServerConnectionManagerRequest", "result":"SYNC_SERVER_OK", "context":{"environment":"Prod_WestEurope_000l", "migrationStage":"NotStarted", "server":"GENERAL0100000Q"}}
{"logTime": "1225/090738", "correlationVector":"n1NrmiPOxQMPk9kPLxPhBq.2","action":"Commit Response", "result":"Success", "context":Result: Success. cV=n1NrmiPOxQMPk9kPLxPhBq.0;server=GENERAL0100000Q;cloudType=Consumer;environment=Prod_WestEurope_000l;migrationStage=NotStarted}
{"logTime": "1225/090808", "correlationVector":"Iy4gXE8KjJxl5z89yIEDKp","action":"Commit Request", "result":"", "context":Item count: 1
Contributing types: Sessions}
{"logTime": "1225/090808", "correlationVector":"Iy4gXE8KjJxl5z89yIEDKp.1","action":"SyncServerConnectionManagerRequest", "result":"SYNC_SERVER_OK", "context":{"environment":"Prod_WestEurope_000l", "migrationStage":"NotStarted", "server":"GENERAL0100000T"}}
{"logTime": "1225/090808", "correlationVector":"Iy4gXE8KjJxl5z89yIEDKp.2","action":"Commit Response", "result":"Success", "context":Result: Success. cV=Iy4gXE8KjJxl5z89yIEDKp.0;server=GENERAL0100000T;cloudType=Consumer;environment=Prod_WestEurope_000l;migrationStage=NotStarted}
{"logTime": "1225/090857", "correlationVector":"mpP+v5176PKM0XU8ZCx4f1.1","action":"SyncServerConnectionManagerRequest", "result":"SYNC_SERVER_OK", "context":{"environment":"Prod_WestEurope_000l", "migrationStage":"NotStarted", "server":"GENERAL0100000O"}}
{"logTime": "1225/090858", "correlationVector":"fuUTjY/BKWkxHw7E9b16PU","action":"SyncServerConnectionManagerRequest", "result":"SYNC_SERVER_OK", "context":{"environment":"", "migrationStage":"", "server":""}}
{"logTime": "1225/090858", "correlationVector":"mpP+v5176PKM0XU8ZCx4f1","action":"Initial GetUpdates", "result":"", "context":Reason: NEW_CLIENT. cV=mpP+v5176PKM0XU8ZCx4f1}
{"logTime": "1225/090858", "correlationVector":"mpP+v5176PKM0XU8ZCx4f1.2","action":"GetUpdates Response", "result":"Success", "context":Received 1 update(s). cV=mpP+v5176PKM0XU8ZCx4f1.0;server=GENERAL0100000O;cloudType=Consumer;environment=Prod_WestEurope_000l;migrationStage=NotStarted}
{"logTime": "1225/090858", "correlationVector":"033F2fmWHYo1zn2NzFPmjp","action":"Initial GetUpdates", "result":"", "context":Reason: NEWLY_SUPPORTED_DATATYPE. cV=033F2fmWHYo1zn2NzFPmjp}
{"logTime": "1225/090858", "correlationVector":"033F2fmWHYo1zn2NzFPmjp.1","action":"SyncServerConnectionManagerRequest", "result":"SYNC_SERVER_OK", "context":{"environment":"Prod_WestEurope_000l", "migrationStage":"NotStarted", "server":"GENERAL0100000X"}}
{"logTime": "1225/090858", "correlationVector":"033F2fmWHYo1zn2NzFPmjp.2","action":"GetUpdates", "result":"DeleteReceived", "context":{"id":"44a2f8a3-f63a-4281-a8d6-f507e2f39f4a", "isDeleted:":"true", "version":"1729638907983"}}
{"logTime": "1225/090858", "correlationVector":"033F2fmWHYo1zn2NzFPmjp.3","action":"GetUpdates", "result":"DeleteReceived", "context":{"id":"630c2536-bb52-4ff8-b03b-41062e7c10ae", "isDeleted:":"true", "version":"1729638909198"}}
{"logTime": "1225/090858", "correlationVector":"033F2fmWHYo1zn2NzFPmjp.4","action":"GetUpdates", "result":"DeleteReceived", "context":{"id":"639b3c0d-1f14-4791-81b5-041a2ad7ffef", "isDeleted:":"true", "version":"1729638910691"}}
{"logTime": "1225/090858", "correlationVector":"033F2fmWHYo1zn2NzFPmjp.5","action":"GetUpdates", "result":"DeleteReceived", "context":{"id":"3c66f9eb-d67d-4b25-8047-bcf238bb2274", "isDeleted:":"true", "version":"1729638912376"}}
{"logTime": "1225/090858", "correlationVector":"033F2fmWHYo1zn2NzFPmjp.6","action":"GetUpdates", "result":"DeleteReceived", "context":{"id":"ab1ac620-0839-4959-af0c-fa4c74b946fe", "isDeleted:":"true", "version":"1729638925078"}}
{"logTime": "1225/090858", "correlationVector":"033F2fmWHYo1zn2NzFPmjp.7","action":"GetUpdates", "result":"DeleteReceived", "context":{"id":"d7694c1b-f496-452b-a5dd-3c3f39f66123", "isDeleted:":"true", "version":"1730975516719"}}
{"logTime": "1225/090858", "correlationVector":"033F2fmWHYo1zn2NzFPmjp.8","action":"GetUpdates", "result":"DeleteReceived", "context":{"id":"a539a9e6-ea53-492b-9eb9-7e1a0a9ccf09", "isDeleted:":"true", "version":"1732657819242"}}
{"logTime": "1225/090858", "correlationVector":"033F2fmWHYo1zn2NzFPmjp.9","action":"GetUpdates", "result":"DeleteReceived", "context":{"id":"22b74310-d321-47b2-b224-9dbaa79b1472", "isDeleted:":"true", "version":"1734959234963"}}
{"logTime": "1225/090858", "correlationVector":"033F2fmWHYo1zn2NzFPmjp.10","action":"GetUpdates", "result":"DeleteReceived", "context":{"id":"5db7754a-5659-4943-b127-28697090cb80", "isDeleted:":"true", "version":"1734959264011"}}
{"logTime": "1225/090858", "correlationVector":"033F2fmWHYo1zn2NzFPmjp.11","action":"GetUpdates", "result":"DeleteReceived", "context":{"id":"3136a40a-6ebf-45e0-a08d-3ed59f1bce46", "isDeleted:":"true", "version":"1734959269942"}}
{"logTime": "1225/090858", "correlationVector":"033F2fmWHYo1zn2NzFPmjp.12","action":"GetUpdates", "result":"DeleteReceived", "context":{"id":"7c67c616-08b8-4f51-bc4e-165d1882d4cb", "isDeleted:":"true", "version":"1734959272327"}}
{"logTime": "1225/090858", "correlationVector":"033F2fmWHYo1zn2NzFPmjp.13","action":"GetUpdates", "result":"DeleteReceived", "context":{"id":"62dbe6f8-a5be-420d-92c0-347f744695b6", "isDeleted:":"true", "version":"1734959279143"}}
{"logTime": "1225/090858", "correlationVector":"033F2fmWHYo1zn2NzFPmjp.14","action":"GetUpdates Response", "result":"Success", "context":Received 31 update(s). cV=033F2fmWHYo1zn2NzFPmjp.0;server=GENERAL0100000X;cloudType=Consumer;environment=Prod_WestEurope_000l;migrationStage=NotStarted}
{"logTime": "1225/090859", "correlationVector":"qHeKrG2VwnGtqcfZopI3ox","action":"Normal GetUpdate request", "result":"", "context":cV=qHeKrG2VwnGtqcfZopI3ox
Nudged types: Sessions
Refresh requested types: Bookmarks, Preferences, Passwords, Autofill Profiles, Autofill, Typed URLs, Extensions, Sessions, Extension settings, History Delete Directives, Device Info, User Consents, Send Tab To Self, Web Apps, Collection, Edge E Drop, Edge Hub App Usage, Edge Tab Group, Edge Wallet, Encryption Keys}
{"logTime": "1225/090859", "correlationVector":"qHeKrG2VwnGtqcfZopI3ox.1","action":"SyncServerConnectionManagerRequest", "result":"SYNC_SERVER_OK", "context":{"environment":"Prod_WestEurope_000l", "migrationStage":"NotStarted", "server":"GENERAL01000015"}}
{"logTime": "1225/090859", "correlationVector":"qHeKrG2VwnGtqcfZopI3ox.2","action":"GetUpdates Response", "result":"Success", "context":Received 1 update(s). cV=qHeKrG2VwnGtqcfZopI3ox.0;server=GENERAL01000015;cloudType=Consumer;environment=Prod_WestEurope_000l;migrationStage=NotStarted}
{"logTime": "1225/090859", "correlationVector":"LOEwqqJP8oGhASZM3coSiC","action":"Commit Request", "result":"", "context":Item count: 3
Contributing types: Sessions}
{"logTime": "1225/090859", "correlationVector":"LOEwqqJP8oGhASZM3coSiC.1","action":"SyncServerConnectionManagerRequest", "result":"SYNC_SERVER_OK", "context":{"environment":"Prod_WestEurope_000l", "migrationStage":"NotStarted", "server":"GENERAL0100000R"}}
{"logTime": "1225/090859", "correlationVector":"LOEwqqJP8oGhASZM3coSiC.3","action":"Commit.Sessions", "result":"Success", "context":{"id":"a4499cb7-e2d7-499b-bd2d-3baa4fa8fd6a", "isDeleted":"true", "size":"0", "version":"1735117686909"}}
{"logTime": "1225/090859", "correlationVector":"LOEwqqJP8oGhASZM3coSiC.2","action":"Commit Response", "result":"Success", "context":Result: Success. cV=LOEwqqJP8oGhASZM3coSiC.0;server=GENERAL0100000R;cloudType=Consumer;environment=Prod_WestEurope_000l;migrationStage=NotStarted}
{"logTime": "1225/090929", "correlationVector":"Jyk8B7CXLtG6h/bMySE30K","action":"Commit Request", "result":"", "context":Item count: 1
Contributing types: Sessions}
{"logTime": "1225/090930", "correlationVector":"Jyk8B7CXLtG6h/bMySE30K.1","action":"SyncServerConnectionManagerRequest", "result":"SYNC_SERVER_OK", "context":{"environment":"Prod_WestEurope_000l", "migrationStage":"NotStarted", "server":"GENERAL01000013"}}
{"logTime": "1225/090930", "correlationVector":"Jyk8B7CXLtG6h/bMySE30K.2","action":"Commit Response", "result":"Success", "context":Result: Success. cV=Jyk8B7CXLtG6h/bMySE30K.0;server=GENERAL01000013;cloudType=Consumer;environment=Prod_WestEurope_000l;migrationStage=NotStarted}
{"logTime": "1225/091004", "correlationVector":"9eNTc2k7NsHujKDfS5a3nH","action":"Commit Request", "result":"", "context":Item count: 1
Contributing types: Sessions}
{"logTime": "1225/091004", "correlationVector":"9eNTc2k7NsHujKDfS5a3nH.1","action":"SyncServerConnectionManagerRequest", "result":"SYNC_SERVER_OK", "context":{"environment":"Prod_WestEurope_000l", "migrationStage":"NotStarted", "server":"GENERAL0100001J"}}
{"logTime": "1225/091004", "correlationVector":"9eNTc2k7NsHujKDfS5a3nH.2","action":"Commit Response", "result":"Success", "context":Result: Success. cV=9eNTc2k7NsHujKDfS5a3nH.0;server=GENERAL0100001J;cloudType=Consumer;environment=Prod_WestEurope_000l;migrationStage=NotStarted}
{"logTime": "1225/091056", "correlationVector":"uEtbbyRBVzL05xaoHb/vL5","action":"Commit Request", "result":"", "context":Item count: 16
Contributing types: Preferences, Passwords}
{"logTime": "1225/091058", "correlationVector":"uEtbbyRBVzL05xaoHb/vL5.1","action":"SyncServerConnectionManagerRequest", "result":"SYNC_SERVER_OK", "context":{"environment":"Prod_WestEurope_000l", "migrationStage":"NotStarted", "server":"GENERAL0100001N"}}
{"logTime": "1225/091058", "correlationVector":"uEtbbyRBVzL05xaoHb/vL5.2","action":"Commit Response", "result":"Success", "context":Result: Success. cV=uEtbbyRBVzL05xaoHb/vL5.0;server=GENERAL0100001N;cloudType=Consumer;environment=Prod_WestEurope_000l;migrationStage=NotStarted}
{"logTime": "1225/091138", "correlationVector":"TlQqpCpZYUr5seSbbB86Dr","action":"Commit Request", "result":"", "context":Item count: 1
Contributing types: Sessions}
{"logTime": "1225/091138", "correlationVector":"TlQqpCpZYUr5seSbbB86Dr.1","action":"SyncServerConnectionManagerRequest", "result":"SYNC_SERVER_OK", "context":{"environment":"Prod_WestEurope_000l", "migrationStage":"NotStarted", "server":"GENERAL0100000R"}}
{"logTime": "1225/091138", "correlationVector":"TlQqpCpZYUr5seSbbB86Dr.2","action":"Commit Response", "result":"Success", "context":Result: Success. cV=TlQqpCpZYUr5seSbbB86Dr.0;server=GENERAL0100000R;cloudType=Consumer;environment=Prod_WestEurope_000l;migrationStage=NotStarted}
{"logTime": "1225/091358", "correlationVector":"KqW6ceFWw9ZqWB0M81qW5h.1","action":"SyncServerConnectionManagerRequest", "result":"SYNC_SERVER_OK", "context":{"environment":"Prod_WestEurope_000l", "migrationStage":"NotStarted", "server":"GENERAL01000004"}}
{"logTime": "1225/091400", "correlationVector":"8/Zah7f5ErjX0hCqQQJOHF","action":"SyncServerConnectionManagerRequest", "result":"SYNC_SERVER_OK", "context":{"environment":"", "migrationStage":"", "server":""}}
{"logTime": "1225/091400", "correlationVector":"KqW6ceFWw9ZqWB0M81qW5h","action":"Initial GetUpdates", "result":"", "context":Reason: NEW_CLIENT. cV=KqW6ceFWw9ZqWB0M81qW5h}
{"logTime": "1225/091400", "correlationVector":"KqW6ceFWw9ZqWB0M81qW5h.2","action":"GetUpdates Response", "result":"Success", "context":Received 1 update(s). cV=KqW6ceFWw9ZqWB0M81qW5h.0;server=GENERAL01000004;cloudType=Consumer;environment=Prod_WestEurope_000l;migrationStage=NotStarted}
{"logTime": "1225/091400", "correlationVector":"HWVHyEuWdQ4AQu1AG/Rve7","action":"Initial GetUpdates", "result":"", "context":Reason: NEWLY_SUPPORTED_DATATYPE. cV=HWVHyEuWdQ4AQu1AG/Rve7}
{"logTime": "1225/091400", "correlationVector":"HWVHyEuWdQ4AQu1AG/Rve7.1","action":"SyncServerConnectionManagerRequest", "result":"SYNC_SERVER_OK", "context":{"environment":"Prod_WestEurope_000l", "migrationStage":"NotStarted", "server":"GENERAL0100001I"}}
{"logTime": "1225/091400", "correlationVector":"HWVHyEuWdQ4AQu1AG/Rve7.2","action":"GetUpdates", "result":"DeleteReceived", "context":{"id":"44a2f8a3-f63a-4281-a8d6-f507e2f39f4a", "isDeleted:":"true", "version":"1729638907983"}}
{"logTime": "1225/091400", "correlationVector":"HWVHyEuWdQ4AQu1AG/Rve7.3","action":"GetUpdates", "result":"DeleteReceived", "context":{"id":"630c2536-bb52-4ff8-b03b-41062e7c10ae", "isDeleted:":"true", "version":"1729638909198"}}
{"logTime": "1225/091400", "correlationVector":"HWVHyEuWdQ4AQu1AG/Rve7.4","action":"GetUpdates", "result":"DeleteReceived", "context":{"id":"639b3c0d-1f14-4791-81b5-041a2ad7ffef", "isDeleted:":"true", "version":"1729638910691"}}
{"logTime": "1225/091400", "correlationVector":"HWVHyEuWdQ4AQu1AG/Rve7.5","action":"GetUpdates", "result":"DeleteReceived", "context":{"id":"3c66f9eb-d67d-4b25-8047-bcf238bb2274", "isDeleted:":"true", "version":"1729638912376"}}
{"logTime": "1225/091400", "correlationVector":"HWVHyEuWdQ4AQu1AG/Rve7.6","action":"GetUpdates", "result":"DeleteReceived", "context":{"id":"ab1ac620-0839-4959-af0c-fa4c74b946fe", "isDeleted:":"true", "version":"1729638925078"}}
{"logTime": "1225/091400", "correlationVector":"HWVHyEuWdQ4AQu1AG/Rve7.7","action":"GetUpdates", "result":"DeleteReceived", "context":{"id":"d7694c1b-f496-452b-a5dd-3c3f39f66123", "isDeleted:":"true", "version":"1730975516719"}}
{"logTime": "1225/091400", "correlationVector":"HWVHyEuWdQ4AQu1AG/Rve7.8","action":"GetUpdates", "result":"DeleteReceived", "context":{"id":"a539a9e6-ea53-492b-9eb9-7e1a0a9ccf09", "isDeleted:":"true", "version":"1732657819242"}}
{"logTime": "1225/091400", "correlationVector":"HWVHyEuWdQ4AQu1AG/Rve7.9","action":"GetUpdates", "result":"DeleteReceived", "context":{"id":"22b74310-d321-47b2-b224-9dbaa79b1472", "isDeleted:":"true", "version":"1734959234963"}}
{"logTime": "1225/091400", "correlationVector":"HWVHyEuWdQ4AQu1AG/Rve7.10","action":"GetUpdates", "result":"DeleteReceived", "context":{"id":"5db7754a-5659-4943-b127-28697090cb80", "isDeleted:":"true", "version":"1734959264011"}}
{"logTime": "1225/091400", "correlationVector":"HWVHyEuWdQ4AQu1AG/Rve7.11","action":"GetUpdates", "result":"DeleteReceived", "context":{"id":"3136a40a-6ebf-45e0-a08d-3ed59f1bce46", "isDeleted:":"true", "version":"1734959269942"}}
{"logTime": "1225/091400", "correlationVector":"HWVHyEuWdQ4AQu1AG/Rve7.12","action":"GetUpdates", "result":"DeleteReceived", "context":{"id":"7c67c616-08b8-4f51-bc4e-165d1882d4cb", "isDeleted:":"true", "version":"1734959272327"}}
{"logTime": "1225/091400", "correlationVector":"HWVHyEuWdQ4AQu1AG/Rve7.13","action":"GetUpdates", "result":"DeleteReceived", "context":{"id":"62dbe6f8-a5be-420d-92c0-347f744695b6", "isDeleted:":"true", "version":"1734959279143"}}
{"logTime": "1225/091400", "correlationVector":"HWVHyEuWdQ4AQu1AG/Rve7.14","action":"GetUpdates Response", "result":"Success", "context":Received 31 update(s). cV=HWVHyEuWdQ4AQu1AG/Rve7.0;server=GENERAL0100001I;cloudType=Consumer;environment=Prod_WestEurope_000l;migrationStage=NotStarted}
{"logTime": "1225/091401", "correlationVector":"n5k0pHa1ogwRXdyU+X9ecX","action":"Normal GetUpdate request", "result":"", "context":cV=n5k0pHa1ogwRXdyU+X9ecX
Nudged types: Sessions
Refresh requested types: Bookmarks, Preferences, Passwords, Autofill Profiles, Autofill, Typed URLs, Extensions, Sessions, Extension settings, History Delete Directives, Device Info, User Consents, Send Tab To Self, Web Apps, Collection, Edge E Drop, Edge Hub App Usage, Edge Tab Group, Edge Wallet, Encryption Keys}
{"logTime": "1225/091401", "correlationVector":"n5k0pHa1ogwRXdyU+X9ecX.1","action":"SyncServerConnectionManagerRequest", "result":"SYNC_SERVER_OK", "context":{"environment":"Prod_WestEurope_000l", "migrationStage":"NotStarted", "server":"GENERAL0100001M"}}
{"logTime": "1225/091401", "correlationVector":"n5k0pHa1ogwRXdyU+X9ecX.2","action":"GetUpdates", "result":"DeleteReceived", "context":{"id":"a4499cb7-e2d7-499b-bd2d-3baa4fa8fd6a", "isDeleted:":"true", "version":"1735117738385"}}
{"logTime": "1225/091401", "correlationVector":"n5k0pHa1ogwRXdyU+X9ecX.3","action":"GetUpdates Response", "result":"Success", "context":Received 5 update(s). cV=n5k0pHa1ogwRXdyU+X9ecX.0;server=GENERAL0100001M;cloudType=Consumer;environment=Prod_WestEurope_000l;migrationStage=NotStarted}
{"logTime": "1225/091401", "correlationVector":"zB+KsZx8rRBcnx4APXJyoh","action":"Commit Request", "result":"", "context":Item count: 3
Contributing types: Sessions}
{"logTime": "1225/091401", "correlationVector":"zB+KsZx8rRBcnx4APXJyoh.1","action":"SyncServerConnectionManagerRequest", "result":"SYNC_SERVER_OK", "context":{"environment":"Prod_WestEurope_000l", "migrationStage":"NotStarted", "server":"GENERAL01000009"}}
{"logTime": "1225/091401", "correlationVector":"zB+KsZx8rRBcnx4APXJyoh.2","action":"Commit Response", "result":"Success", "context":Result: Success. cV=zB+KsZx8rRBcnx4APXJyoh.0;server=GENERAL01000009;cloudType=Consumer;environment=Prod_WestEurope_000l;migrationStage=NotStarted}
{"logTime": "1225/091431", "correlationVector":"F4K7jEUgUKdJsVdHfVO3B0","action":"Commit Request", "result":"", "context":Item count: 2
Contributing types: Sessions}
{"logTime": "1225/091432", "correlationVector":"F4K7jEUgUKdJsVdHfVO3B0.1","action":"SyncServerConnectionManagerRequest", "result":"SYNC_SERVER_OK", "context":{"environment":"Prod_WestEurope_000l", "migrationStage":"NotStarted", "server":"GENERAL0100001C"}}
{"logTime": "1225/091432", "correlationVector":"F4K7jEUgUKdJsVdHfVO3B0.3","action":"Commit.Sessions", "result":"Success", "context":{"id":"0b552993-9b6f-47c4-9ec7-48fad0632555", "isDeleted":"true", "size":"0", "version":"1735118040182"}}
{"logTime": "1225/091432", "correlationVector":"F4K7jEUgUKdJsVdHfVO3B0.2","action":"Commit Response", "result":"Success", "context":Result: Success. cV=F4K7jEUgUKdJsVdHfVO3B0.0;server=GENERAL0100001C;cloudType=Consumer;environment=Prod_WestEurope_000l;migrationStage=NotStarted}
{"logTime": "1225/091546", "correlationVector":"gn8GU7WC1QPRobJxk6YgOv","action":"Commit Request", "result":"", "context":Item count: 2
Contributing types: Preferences, Sessions}
{"logTime": "1225/091547", "correlationVector":"gn8GU7WC1QPRobJxk6YgOv.1","action":"SyncServerConnectionManagerRequest", "result":"SYNC_SERVER_OK", "context":{"environment":"Prod_WestEurope_000l", "migrationStage":"NotStarted", "server":"GENERAL0100000Z"}}
{"logTime": "1225/091547", "correlationVector":"gn8GU7WC1QPRobJxk6YgOv.2","action":"Commit Response", "result":"Success", "context":Result: Success. cV=gn8GU7WC1QPRobJxk6YgOv.0;server=GENERAL0100000Z;cloudType=Consumer;environment=Prod_WestEurope_000l;migrationStage=NotStarted}
{"logTime": "1225/091622", "correlationVector":"GmHBRJ260OrMmICDPxigFr","action":"Commit Request", "result":"", "context":Item count: 1
Contributing types: Sessions}
{"logTime": "1225/091622", "correlationVector":"GmHBRJ260OrMmICDPxigFr.1","action":"SyncServerConnectionManagerRequest", "result":"SYNC_SERVER_OK", "context":{"environment":"Prod_WestEurope_000l", "migrationStage":"NotStarted", "server":"GENERAL01000014"}}
{"logTime": "1225/091622", "correlationVector":"GmHBRJ260OrMmICDPxigFr.2","action":"Commit Response", "result":"Success", "context":Result: Success. cV=GmHBRJ260OrMmICDPxigFr.0;server=GENERAL01000014;cloudType=Consumer;environment=Prod_WestEurope_000l;migrationStage=NotStarted}
{"logTime": "1225/091752", "correlationVector":"ybXYY29QPJrKtiweGg+Trn","action":"Commit Request", "result":"", "context":Item count: 1
Contributing types: Sessions}
{"logTime": "1225/091752", "correlationVector":"ybXYY29QPJrKtiweGg+Trn.1","action":"SyncServerConnectionManagerRequest", "result":"SYNC_SERVER_OK", "context":{"environment":"Prod_WestEurope_000l", "migrationStage":"NotStarted", "server":"GENERAL0100000X"}}
{"logTime": "1225/091752", "correlationVector":"ybXYY29QPJrKtiweGg+Trn.2","action":"Commit Response", "result":"Success", "context":Result: Success. cV=ybXYY29QPJrKtiweGg+Trn.0;server=GENERAL0100000X;cloudType=Consumer;environment=Prod_WestEurope_000l;migrationStage=NotStarted}
{"logTime": "1225/091856", "correlationVector":"OZiLAa7+cWrnnHyUvSCWEj","action":"Normal GetUpdate request", "result":"", "context":cV=OZiLAa7+cWrnnHyUvSCWEj
Refresh requested types: Bookmarks, Preferences, Passwords, Autofill Profiles, Autofill, Typed URLs, Extensions, Sessions, Extension settings, History Delete Directives, Device Info, User Consents, Send Tab To Self, Web Apps, Collection, Edge E Drop, Edge Hub App Usage, Edge Tab Group, Edge Wallet, Encryption Keys}
{"logTime": "1225/091856", "correlationVector":"OZiLAa7+cWrnnHyUvSCWEj.1","action":"SyncServerConnectionManagerRequest", "result":"SYNC_SERVER_OK", "context":{"environment":"Prod_WestEurope_000l", "migrationStage":"NotStarted", "server":"GENERAL01000003"}}
{"logTime": "1225/091856", "correlationVector":"OZiLAa7+cWrnnHyUvSCWEj.2","action":"GetUpdates", "result":"DeleteReceived", "context":{"id":"0b552993-9b6f-47c4-9ec7-48fad0632555", "isDeleted:":"true", "version":"1735118070702"}}
{"logTime": "1225/091856", "correlationVector":"OZiLAa7+cWrnnHyUvSCWEj.3","action":"GetUpdates Response", "result":"Success", "context":Received 5 update(s). cV=OZiLAa7+cWrnnHyUvSCWEj.0;server=GENERAL01000003;cloudType=Consumer;environment=Prod_WestEurope_000l;migrationStage=NotStarted}
{"logTime": "1225/092001", "correlationVector":"s4sF2khiyfTvUCKo3VzBbT","action":"Normal GetUpdate request", "result":"", "context":cV=s4sF2khiyfTvUCKo3VzBbT
Notified types: Preferences}
{"logTime": "1225/092002", "correlationVector":"s4sF2khiyfTvUCKo3VzBbT.1","action":"SyncServerConnectionManagerRequest", "result":"SYNC_SERVER_OK", "context":{"environment":"Prod_WestEurope_000l", "migrationStage":"NotStarted", "server":"GENERAL01000001"}}
{"logTime": "1225/092002", "correlationVector":"s4sF2khiyfTvUCKo3VzBbT.2","action":"GetUpdates Response", "result":"Success", "context":Received 1 update(s). cV=s4sF2khiyfTvUCKo3VzBbT.0;server=GENERAL01000001;cloudType=Consumer;environment=Prod_WestEurope_000l;migrationStage=NotStarted}
{"logTime": "1225/092054", "correlationVector":"7vvHPh1fX13pp0Hr+suBDl","action":"Normal GetUpdate request", "result":"", "context":cV=7vvHPh1fX13pp0Hr+suBDl
Notified types: Preferences}
{"logTime": "1225/092054", "correlationVector":"7vvHPh1fX13pp0Hr+suBDl.1","action":"SyncServerConnectionManagerRequest", "result":"SYNC_SERVER_OK", "context":{"environment":"Prod_WestEurope_000l", "migrationStage":"NotStarted", "server":"GENERAL01000019"}}
{"logTime": "1225/092054", "correlationVector":"7vvHPh1fX13pp0Hr+suBDl.2","action":"GetUpdates Response", "result":"Success", "context":Received 5 update(s). cV=7vvHPh1fX13pp0Hr+suBDl.0;server=GENERAL01000019;cloudType=Consumer;environment=Prod_WestEurope_000l;migrationStage=NotStarted}
{"logTime": "1225/092656", "correlationVector":"WXYoluaUj+VAyTVsvzLO1E","action":"Commit Request", "result":"", "context":Item count: 1
Contributing types: Sessions}
{"logTime": "1225/092656", "correlationVector":"WXYoluaUj+VAyTVsvzLO1E.1","action":"SyncServerConnectionManagerRequest", "result":"SYNC_SERVER_OK", "context":{"environment":"Prod_WestEurope_000l", "migrationStage":"NotStarted", "server":"GENERAL0100000Z"}}
{"logTime": "1225/092656", "correlationVector":"WXYoluaUj+VAyTVsvzLO1E.2","action":"Commit Response", "result":"Success", "context":Result: Success. cV=WXYoluaUj+VAyTVsvzLO1E.0;server=GENERAL0100000Z;cloudType=Consumer;environment=Prod_WestEurope_000l;migrationStage=NotStarted}
{"logTime": "1225/092727", "correlationVector":"b9m2lk6i2/ACKGJ/ukTcsD","action":"Commit Request", "result":"", "context":Item count: 1
Contributing types: Sessions}
{"logTime": "1225/092727", "correlationVector":"b9m2lk6i2/ACKGJ/ukTcsD.1","action":"SyncServerConnectionManagerRequest", "result":"SYNC_SERVER_OK", "context":{"environment":"Prod_WestEurope_000l", "migrationStage":"NotStarted", "server":"GENERAL0100000U"}}
{"logTime": "1225/092727", "correlationVector":"b9m2lk6i2/ACKGJ/ukTcsD.2","action":"Commit Response", "result":"Success", "context":Result: Success. cV=b9m2lk6i2/ACKGJ/ukTcsD.0;server=GENERAL0100000U;cloudType=Consumer;environment=Prod_WestEurope_000l;migrationStage=NotStarted}
