#
# There is insufficient memory for the Java Runtime Environment to continue.
# Native memory allocation (mmap) failed to map 266338304 bytes. Error detail: G1 virtual space
# Possible reasons:
#   The system is out of physical RAM or swap space
#   This process is running with CompressedOops enabled, and the Java Heap may be blocking the growth of the native heap
# Possible solutions:
#   Reduce memory load on the system
#   Increase physical memory or swap space
#   Check if swap backing store is full
#   Decrease Java heap size (-Xmx/-Xms)
#   Decrease number of Java threads
#   Decrease Java thread stack sizes (-Xss)
#   Set larger code cache with -XX:ReservedCodeCacheSize=
#   JVM is running with Zero Based Compressed Oops mode in which the Java heap is
#     placed in the first 32GB address space. The Java Heap base address is the
#     maximum limit for the native heap growth. Please use -XX:HeapBaseMinAddress
#     to set the Java Heap base and to place the Java Heap above 32GB virtual address.
# This output file may be truncated or incomplete.
#
#  Out of Memory Error (os_windows.cpp:3815), pid=13820, tid=19196
#
# JRE version:  (21.0.3) (build )
# Java VM: OpenJDK 64-Bit Server VM (21.0.3+-12282718-b509.11, mixed mode, sharing, tiered, compressed oops, compressed class ptrs, g1 gc, windows-amd64)
# No core dump will be written. Minidumps are not enabled by default on client versions of Windows
#

---------------  S U M M A R Y ------------

Command Line: 

Host: Intel(R) Core(TM) i5-10300H CPU @ 2.50GHz, 8 cores, 15G,  Windows 11 , 64 bit Build 22621 (10.0.22621.4391)
Time: Thu Dec 26 12:55:00 2024 W. Central Africa Standard Time elapsed time: 0.021782 seconds (0d 0h 0m 0s)

---------------  T H R E A D  ---------------

Current thread (0x000001522afccb80):  JavaThread "Unknown thread" [_thread_in_vm, id=19196, stack(0x0000002ecdc00000,0x0000002ecdd00000) (1024K)]

Stack: [0x0000002ecdc00000,0x0000002ecdd00000]
Native frames: (J=compiled Java code, j=interpreted, Vv=VM code, C=native code)
V  [jvm.dll+0x6cafb9]
V  [jvm.dll+0x858523]
V  [jvm.dll+0x85aa7e]
V  [jvm.dll+0x85b163]
V  [jvm.dll+0x27d356]
V  [jvm.dll+0x6c7865]
V  [jvm.dll+0x6bbd3a]
V  [jvm.dll+0x35199b]
V  [jvm.dll+0x3595d6]
V  [jvm.dll+0x3aa826]
V  [jvm.dll+0x3aaaf8]
V  [jvm.dll+0x3240bc]
V  [jvm.dll+0x324dab]
V  [jvm.dll+0x81fd89]
V  [jvm.dll+0x3b7c08]
V  [jvm.dll+0x80921d]
V  [jvm.dll+0x44c05e]
V  [jvm.dll+0x44d6b1]
C  [jli.dll+0x52ab]
C  [ucrtbase.dll+0x29333]
C  [KERNEL32.DLL+0x1259d]
C  [ntdll.dll+0x5af38]


---------------  P R O C E S S  ---------------

Threads class SMR info:
_java_thread_list=0x00007ffdb23957c8, length=0, elements={
}

Java Threads: ( => current thread )
Total: 0

Other Threads:
  0x000001522b19c620 WorkerThread "GC Thread#0"                     [id=3760, stack(0x0000002ecdd00000,0x0000002ecde00000) (1024K)]
  0x000001522b1ad2d0 ConcurrentGCThread "G1 Main Marker"            [id=3968, stack(0x0000002ecde00000,0x0000002ecdf00000) (1024K)]
  0x000001522b1addd0 WorkerThread "G1 Conc#0"                       [id=1176, stack(0x0000002ecdf00000,0x0000002ece000000) (1024K)]

[error occurred during error reporting (printing all threads), id 0xc0000005, EXCEPTION_ACCESS_VIOLATION (0xc0000005) at pc=0x00007ffdb1b97197]
VM state: not at safepoint (not fully initialized)

VM Mutex/Monitor currently owned by a thread:  ([mutex/lock_event])
[0x00007ffdb24021c8] Heap_lock - owner thread: 0x000001522afccb80

Heap address: 0x0000000703200000, size: 4046 MB, Compressed Oops mode: Zero based, Oop shift amount: 3

CDS archive(s) mapped at: [0x0000000000000000-0x0000000000000000-0x0000000000000000), size 0, SharedBaseAddress: 0x0000000800000000, ArchiveRelocationMode: 1.
Narrow klass base: 0x0000000000000000, Narrow klass shift: 0, Narrow klass range: 0x0

GC Precious Log:
 CardTable entry size: 512
 Card Set container configuration: InlinePtr #cards 4 size 8 Array Of Cards #cards 16 size 48 Howl #buckets 8 coarsen threshold 3686 Howl Bitmap #cards 512 size 80 coarsen threshold 460 Card regions per heap region 1 cards per card region 4096

Heap:
 garbage-first heap   total 0K, used 0K [0x0000000703200000, 0x0000000800000000)
  region size 2048K, 0 young (0K), 0 survivors (0K)
 Metaspace       used 0K, committed 0K, reserved 0K
  class space    used 0K, committed 0K, reserved 0K

Heap Regions: E=young(eden), S=young(survivor), O=old, HS=humongous(starts), HC=humongous(continues), CS=collection set, F=free, TAMS=top-at-mark-start, PB=parsable bottom

Card table byte_map: [0x000001523fcb0000,0x00000152404a0000] _byte_map_base: 0x000001523c497000

Marking Bits: (CMBitMap*) 0x000001522b19cd20
 Bits: [0x00000152404a0000, 0x00000152443d8000)

GC Heap History (0 events):
No events

Dll operation events (1 events):
Event: 0.010 Loaded shared library C:\Users\tenzo\AppData\Local\Programs\Android Studio\jbr\bin\java.dll

Deoptimization events (0 events):
No events

Classes loaded (0 events):
No events

Classes unloaded (0 events):
No events

Classes redefined (0 events):
No events

Internal exceptions (0 events):
No events

ZGC Phase Switch (0 events):
No events

VM Operations (0 events):
No events

Events (0 events):
No events


Dynamic libraries:
0x00007ff65d600000 - 0x00007ff65d60a000 	C:\Users\tenzo\AppData\Local\Programs\Android Studio\jbr\bin\java.EXE
0x00007ffe56350000 - 0x00007ffe56567000 	C:\Windows\SYSTEM32\ntdll.dll
0x00007ffe54c20000 - 0x00007ffe54ce4000 	C:\Windows\System32\KERNEL32.DLL
0x00007ffe53af0000 - 0x00007ffe53eaa000 	C:\Windows\System32\KERNELBASE.dll
0x00007ffe53840000 - 0x00007ffe53951000 	C:\Windows\System32\ucrtbase.dll
0x00007ffe327b0000 - 0x00007ffe327c8000 	C:\Users\tenzo\AppData\Local\Programs\Android Studio\jbr\bin\jli.dll
0x00007ffe54fb0000 - 0x00007ffe5515e000 	C:\Windows\System32\USER32.dll
0x00007ffe53960000 - 0x00007ffe53986000 	C:\Windows\System32\win32u.dll
0x00007ffe55da0000 - 0x00007ffe55dc9000 	C:\Windows\System32\GDI32.dll
0x00007ffe53eb0000 - 0x00007ffe53fcb000 	C:\Windows\System32\gdi32full.dll
0x00007ffe53990000 - 0x00007ffe53a2a000 	C:\Windows\System32\msvcp_win.dll
0x00007ffe2def0000 - 0x00007ffe2df0b000 	C:\Users\tenzo\AppData\Local\Programs\Android Studio\jbr\bin\VCRUNTIME140.dll
0x00007ffe2fe20000 - 0x00007ffe300b2000 	C:\Windows\WinSxS\amd64_microsoft.windows.common-controls_6595b64144ccf1df_6.0.22621.4541_none_2710d1c57384c085\COMCTL32.dll
0x00007ffe55dd0000 - 0x00007ffe55e77000 	C:\Windows\System32\msvcrt.dll
0x00007ffe542d0000 - 0x00007ffe54301000 	C:\Windows\System32\IMM32.DLL
0x00007ffe446d0000 - 0x00007ffe446dc000 	C:\Users\tenzo\AppData\Local\Programs\Android Studio\jbr\bin\vcruntime140_1.dll
0x00007ffe2d990000 - 0x00007ffe2da1d000 	C:\Users\tenzo\AppData\Local\Programs\Android Studio\jbr\bin\msvcp140.dll
0x00007ffdb1860000 - 0x00007ffdb24dd000 	C:\Users\tenzo\AppData\Local\Programs\Android Studio\jbr\bin\server\jvm.dll
0x00007ffe54b60000 - 0x00007ffe54c12000 	C:\Windows\System32\ADVAPI32.dll
0x00007ffe55260000 - 0x00007ffe55307000 	C:\Windows\System32\sechost.dll
0x00007ffe53810000 - 0x00007ffe53838000 	C:\Windows\System32\bcrypt.dll
0x00007ffe54310000 - 0x00007ffe54424000 	C:\Windows\System32\RPCRT4.dll
0x00007ffe54ef0000 - 0x00007ffe54f61000 	C:\Windows\System32\WS2_32.dll
0x00007ffe52470000 - 0x00007ffe524bd000 	C:\Windows\SYSTEM32\POWRPROF.dll
0x00007ffe4b200000 - 0x00007ffe4b20a000 	C:\Windows\SYSTEM32\VERSION.dll
0x00007ffe4e850000 - 0x00007ffe4e884000 	C:\Windows\SYSTEM32\WINMM.dll
0x00007ffe52450000 - 0x00007ffe52463000 	C:\Windows\SYSTEM32\UMPDC.dll
0x00007ffe52710000 - 0x00007ffe52728000 	C:\Windows\SYSTEM32\kernel.appcore.dll
0x00007ffe3bf30000 - 0x00007ffe3bf3a000 	C:\Users\tenzo\AppData\Local\Programs\Android Studio\jbr\bin\jimage.dll
0x00007ffe50e40000 - 0x00007ffe51072000 	C:\Windows\SYSTEM32\DBGHELP.DLL
0x00007ffe55f80000 - 0x00007ffe5630f000 	C:\Windows\System32\combase.dll
0x00007ffe54e10000 - 0x00007ffe54ee7000 	C:\Windows\System32\OLEAUT32.dll
0x00007ffe4ac60000 - 0x00007ffe4ac92000 	C:\Windows\SYSTEM32\dbgcore.DLL
0x00007ffe53fd0000 - 0x00007ffe5404b000 	C:\Windows\System32\bcryptPrimitives.dll
0x00007ffe2ded0000 - 0x00007ffe2deef000 	C:\Users\tenzo\AppData\Local\Programs\Android Studio\jbr\bin\java.dll

dbghelp: loaded successfully - version: 4.0.5 - missing functions: none
symbol engine: initialized successfully - sym options: 0x614 - pdb path: .;C:\Users\tenzo\AppData\Local\Programs\Android Studio\jbr\bin;C:\Windows\SYSTEM32;C:\Windows\WinSxS\amd64_microsoft.windows.common-controls_6595b64144ccf1df_6.0.22621.4541_none_2710d1c57384c085;C:\Users\tenzo\AppData\Local\Programs\Android Studio\jbr\bin\server

VM Arguments:
java_command: <unknown>
java_class_path (initial): <not set>
Launcher Type: SUN_STANDARD

[Global flags]
     intx CICompilerCount                          = 4                                         {product} {ergonomic}
     uint ConcGCThreads                            = 2                                         {product} {ergonomic}
     uint G1ConcRefinementThreads                  = 8                                         {product} {ergonomic}
   size_t G1HeapRegionSize                         = 2097152                                   {product} {ergonomic}
    uintx GCDrainStackTargetSize                   = 64                                        {product} {ergonomic}
   size_t InitialHeapSize                          = 266338304                                 {product} {ergonomic}
   size_t MarkStackSize                            = 4194304                                   {product} {ergonomic}
   size_t MaxHeapSize                              = 4242538496                                {product} {ergonomic}
   size_t MinHeapDeltaBytes                        = 2097152                                   {product} {ergonomic}
   size_t MinHeapSize                              = 8388608                                   {product} {ergonomic}
    uintx NonNMethodCodeHeapSize                   = 5839372                                {pd product} {ergonomic}
    uintx NonProfiledCodeHeapSize                  = 122909434                              {pd product} {ergonomic}
    uintx ProfiledCodeHeapSize                     = 122909434                              {pd product} {ergonomic}
    uintx ReservedCodeCacheSize                    = 251658240                              {pd product} {ergonomic}
     bool SegmentedCodeCache                       = true                                      {product} {ergonomic}
   size_t SoftMaxHeapSize                          = 4242538496                             {manageable} {ergonomic}
     bool UseCompressedOops                        = true                           {product lp64_product} {ergonomic}
     bool UseG1GC                                  = true                                      {product} {ergonomic}
     bool UseLargePagesIndividualAllocation        = false                                  {pd product} {ergonomic}

Logging:
Log output configuration:
 #0: stdout all=warning uptime,level,tags foldmultilines=false
 #1: stderr all=off uptime,level,tags foldmultilines=false

Environment Variables:
JAVA_HOME=C:\Users\tenzo\openlogic-openjdk-21.0.3+9-windows-x64
PATH=C:\Windows\system32;C:\Windows;C:\Windows\System32\Wbem;C:\Windows\System32\WindowsPowerShell\v1.0\;C:\Windows\System32\OpenSSH\;C:\Program Files\NVIDIA Corporation\NVIDIA NvDLISR;C:\Program Files (x86)\NVIDIA Corporation\PhysX\Common;C:\Users\tenzo\flutter\bin;C:\Program Files\Git\cmd;C:\Users\tenzo\openlogic-openjdk-21.0.3+9-windows-x64\bin;;C:\Program Files\Docker\Docker\resources\bin;C:\Program Files\dotnet\;C:\Program Files (x86)\Windows Kits\10\Windows Performance Toolkit\;C:\Program Files\nodejs\;C:\Users\tenzo\AppData\Local\Microsoft\WindowsApps;C:\Users\tenzo\AppData\Local\Programs\Microsoft VS Code\bin;C:\Users\tenzo\AppData\Local\JetBrains\Toolbox\scripts;C:\Users\tenzo\AppData\Local\GitHubDesktop\bin;C:\Users\tenzo\.dotnet\tools;C:\Users\tenzo\AppData\Roaming\npm;C:\Users\tenzo\AppData\Local\Pub\Cache\bin;C:\Users\tenzo\AppData\Local\Android\Sdk\cmdline-tools\latest\bin;;E:\IntelliJ IDEA 2024.2.2\bin;;C:\Users\tenzo\flutter\bin\mingit\cmd;C:\Users\tenzo\flutter\bin\mingit\cmd
USERNAME=tenzo
OS=Windows_NT
PROCESSOR_IDENTIFIER=Intel64 Family 6 Model 165 Stepping 2, GenuineIntel
TMP=C:\Users\tenzo\AppData\Local\Temp
TEMP=C:\Users\tenzo\AppData\Local\Temp




Periodic native trim disabled

JNI global refs:
JNI global refs: 0, weak refs: 0

JNI global refs memory usage: 0, weak refs: 0

Process memory usage:
Resident Set Size: 11600K (0% of 16565952K total physical memory with 2514176K free physical memory)

OOME stack traces (most recent first):
Classloader memory used:

---------------  S Y S T E M  ---------------

OS:
 Windows 11 , 64 bit Build 22621 (10.0.22621.4391)
OS uptime: 0 days 2:59 hours
Hyper-V role detected

CPU: total 8 (initial active 8) (4 cores per cpu, 2 threads per core) family 6 model 165 stepping 2 microcode 0xfc, cx8, cmov, fxsr, ht, mmx, 3dnowpref, sse, sse2, sse3, ssse3, sse4.1, sse4.2, popcnt, lzcnt, tsc, tscinvbit, avx, avx2, aes, erms, clmul, bmi1, bmi2, adx, fma, vzeroupper, clflush, clflushopt, hv, rdtscp, f16c
Processor Information for all 8 processors :
  Max Mhz: 2496, Current Mhz: 2496, Mhz Limit: 2496

Memory: 4k page, system-wide physical 16177M (2455M free)
TotalPageFile size 19809M (AvailPageFile size 221M)
current process WorkingSet (physical memory assigned to process): 11M, peak: 11M
current process commit charge ("private bytes"): 60M, peak: 314M

vm_info: OpenJDK 64-Bit Server VM (21.0.3+-12282718-b509.11) for windows-amd64 JRE (21.0.3+-12282718-b509.11), built on 2024-08-27T17:34:15Z by "builder" with MS VC++ 16.10 / 16.11 (VS2019)

END.
